2015-10-13 23:52:29.093+0000 WARN  [o.n.k.EmbeddedGraphDatabase]: You are using an unsupported version of the Java runtime. Please use Oracle(R) Java(TM) Runtime Environment 7 or OpenJDK(TM) 7.
2015-10-13 23:52:29.110+0000 INFO  [o.n.k.InternalAbstractGraphDatabase]: No locking implementation specified, defaulting to 'community'
2015-10-13 23:52:29.173+0000 INFO  [o.n.k.i.DiagnosticsManager]: --- INITIALIZED diagnostics START ---
2015-10-13 23:52:29.174+0000 INFO  [o.n.k.i.DiagnosticsManager]: Neo4j Kernel properties:
2015-10-13 23:52:29.175+0000 INFO  [o.n.k.i.DiagnosticsManager]: neostore.propertystore.db.strings.mapped_memory=542M
2015-10-13 23:52:29.176+0000 INFO  [o.n.k.i.DiagnosticsManager]: ephemeral=false
2015-10-13 23:52:29.176+0000 INFO  [o.n.k.i.DiagnosticsManager]: neostore.nodestore.db.mapped_memory=177M
2015-10-13 23:52:29.176+0000 INFO  [o.n.k.i.DiagnosticsManager]: store_dir=accessingdataneo4j.db
2015-10-13 23:52:29.176+0000 INFO  [o.n.k.i.DiagnosticsManager]: neostore.propertystore.db.arrays.mapped_memory=615M
2015-10-13 23:52:29.176+0000 INFO  [o.n.k.i.DiagnosticsManager]: neostore.propertystore.db.mapped_memory=638M
2015-10-13 23:52:29.176+0000 INFO  [o.n.k.i.DiagnosticsManager]: neostore.relationshipstore.db.mapped_memory=782M
2015-10-13 23:52:29.177+0000 INFO  [o.n.k.i.DiagnosticsManager]: Diagnostics providers:
2015-10-13 23:52:29.178+0000 INFO  [o.n.k.i.DiagnosticsManager]: org.neo4j.kernel.configuration.Config
2015-10-13 23:52:29.178+0000 INFO  [o.n.k.i.DiagnosticsManager]: org.neo4j.kernel.info.DiagnosticsManager
2015-10-13 23:52:29.178+0000 INFO  [o.n.k.i.DiagnosticsManager]: SYSTEM_MEMORY
2015-10-13 23:52:29.178+0000 INFO  [o.n.k.i.DiagnosticsManager]: JAVA_MEMORY
2015-10-13 23:52:29.178+0000 INFO  [o.n.k.i.DiagnosticsManager]: OPERATING_SYSTEM
2015-10-13 23:52:29.178+0000 INFO  [o.n.k.i.DiagnosticsManager]: JAVA_VIRTUAL_MACHINE
2015-10-13 23:52:29.178+0000 INFO  [o.n.k.i.DiagnosticsManager]: CLASSPATH
2015-10-13 23:52:29.178+0000 INFO  [o.n.k.i.DiagnosticsManager]: LIBRARY_PATH
2015-10-13 23:52:29.178+0000 INFO  [o.n.k.i.DiagnosticsManager]: SYSTEM_PROPERTIES
2015-10-13 23:52:29.178+0000 INFO  [o.n.k.i.DiagnosticsManager]: LINUX_SCHEDULERS
2015-10-13 23:52:29.178+0000 INFO  [o.n.k.i.DiagnosticsManager]: NETWORK
2015-10-13 23:52:29.178+0000 INFO  [o.n.k.i.DiagnosticsManager]: System memory information:
2015-10-13 23:52:29.182+0000 INFO  [o.n.k.i.DiagnosticsManager]: Total Physical memory: 7,70 GB
2015-10-13 23:52:29.182+0000 INFO  [o.n.k.i.DiagnosticsManager]: Free Physical memory: 1,04 GB
2015-10-13 23:52:29.182+0000 INFO  [o.n.k.i.DiagnosticsManager]: Committed virtual memory: 4,22 GB
2015-10-13 23:52:29.182+0000 INFO  [o.n.k.i.DiagnosticsManager]: Total swap space: 3,85 GB
2015-10-13 23:52:29.182+0000 INFO  [o.n.k.i.DiagnosticsManager]: Free swap space: 3,85 GB
2015-10-13 23:52:29.183+0000 INFO  [o.n.k.i.DiagnosticsManager]: JVM memory information:
2015-10-13 23:52:29.183+0000 INFO  [o.n.k.i.DiagnosticsManager]: Free  memory: 118,98 MB
2015-10-13 23:52:29.183+0000 INFO  [o.n.k.i.DiagnosticsManager]: Total memory: 150,00 MB
2015-10-13 23:52:29.183+0000 INFO  [o.n.k.i.DiagnosticsManager]: Max   memory: 1,71 GB
2015-10-13 23:52:29.185+0000 INFO  [o.n.k.i.DiagnosticsManager]: Garbage Collector: PS Scavenge: [PS Eden Space, PS Survivor Space]
2015-10-13 23:52:29.185+0000 INFO  [o.n.k.i.DiagnosticsManager]: Garbage Collector: PS MarkSweep: [PS Eden Space, PS Survivor Space, PS Old Gen]
2015-10-13 23:52:29.186+0000 INFO  [o.n.k.i.DiagnosticsManager]: Memory Pool: Code Cache (Non-heap memory): committed=6,38 MB, used=6,31 MB, max=240,00 MB, threshold=0,00 B
2015-10-13 23:52:29.186+0000 INFO  [o.n.k.i.DiagnosticsManager]: Memory Pool: Metaspace (Non-heap memory): committed=17,00 MB, used=16,64 MB, max=-1,00 B, threshold=0,00 B
2015-10-13 23:52:29.187+0000 INFO  [o.n.k.i.DiagnosticsManager]: Memory Pool: Compressed Class Space (Non-heap memory): committed=2,25 MB, used=2,19 MB, max=1,00 GB, threshold=0,00 B
2015-10-13 23:52:29.187+0000 INFO  [o.n.k.i.DiagnosticsManager]: Memory Pool: PS Eden Space (Heap memory): committed=62,00 MB, used=24,89 MB, max=648,00 MB, threshold=?
2015-10-13 23:52:29.188+0000 INFO  [o.n.k.i.DiagnosticsManager]: Memory Pool: PS Survivor Space (Heap memory): committed=5,00 MB, used=4,98 MB, max=5,00 MB, threshold=?
2015-10-13 23:52:29.188+0000 INFO  [o.n.k.i.DiagnosticsManager]: Memory Pool: PS Old Gen (Heap memory): committed=83,00 MB, used=1,15 MB, max=1,29 GB, threshold=0,00 B
2015-10-13 23:52:29.188+0000 INFO  [o.n.k.i.DiagnosticsManager]: Operating system information:
2015-10-13 23:52:29.189+0000 INFO  [o.n.k.i.DiagnosticsManager]: Operating System: Linux; version: 3.19.0-30-generic; arch: amd64; cpus: 4
2015-10-13 23:52:29.189+0000 INFO  [o.n.k.i.DiagnosticsManager]: Max number of file descriptors: 4096
2015-10-13 23:52:29.189+0000 INFO  [o.n.k.i.DiagnosticsManager]: Number of open file descriptors: 58
2015-10-13 23:52:29.189+0000 INFO  [o.n.k.i.DiagnosticsManager]: Process id: 6224@joao
2015-10-13 23:52:29.189+0000 INFO  [o.n.k.i.DiagnosticsManager]: Byte order: LITTLE_ENDIAN
2015-10-13 23:52:29.189+0000 INFO  [o.n.k.i.DiagnosticsManager]: Local timezone: America/Recife
2015-10-13 23:52:29.189+0000 INFO  [o.n.k.i.DiagnosticsManager]: JVM information:
2015-10-13 23:52:29.189+0000 INFO  [o.n.k.i.DiagnosticsManager]: VM Name: Java HotSpot(TM) 64-Bit Server VM
2015-10-13 23:52:29.189+0000 INFO  [o.n.k.i.DiagnosticsManager]: VM Vendor: Oracle Corporation
2015-10-13 23:52:29.190+0000 INFO  [o.n.k.i.DiagnosticsManager]: VM Version: 25.60-b23
2015-10-13 23:52:29.190+0000 INFO  [o.n.k.i.DiagnosticsManager]: JIT compiler: HotSpot 64-Bit Tiered Compilers
2015-10-13 23:52:29.190+0000 INFO  [o.n.k.i.DiagnosticsManager]: VM Arguments: [-Dfile.encoding=UTF-8]
2015-10-13 23:52:29.190+0000 INFO  [o.n.k.i.DiagnosticsManager]: Java classpath:
2015-10-13 23:52:29.193+0000 INFO  [o.n.k.i.DiagnosticsManager]:  [classpath + loader.0] file:/home/joao/.gradle/caches/modules-2/files-2.1/org.springframework/spring-beans/4.1.7.RELEASE/e52148e9671e2918a2172c9cf56b77bede2042ce/spring-beans-4.1.7.RELEASE.jar
2015-10-13 23:52:29.193+0000 INFO  [o.n.k.i.DiagnosticsManager]:  [loader.1] file:/usr/lib/jvm/java-8-oracle/jre/lib/ext/zipfs.jar
2015-10-13 23:52:29.193+0000 INFO  [o.n.k.i.DiagnosticsManager]:  [loader.1] file:/usr/lib/jvm/java-8-oracle/jre/lib/ext/jfxrt.jar
2015-10-13 23:52:29.193+0000 INFO  [o.n.k.i.DiagnosticsManager]:  [bootstrap] /usr/lib/jvm/java-8-oracle/jre/lib/jce.jar
2015-10-13 23:52:29.193+0000 INFO  [o.n.k.i.DiagnosticsManager]:  [classpath + loader.0] file:/home/joao/.gradle/caches/modules-2/files-2.1/org.neo4j/neo4j-cypher-compiler-2.1/2.1.5/947d8dc190a985dd38f65f106e3c17e837edd225/neo4j-cypher-compiler-2.1-2.1.5.jar
2015-10-13 23:52:29.193+0000 INFO  [o.n.k.i.DiagnosticsManager]:  [classpath + loader.0] file:/home/joao/.gradle/caches/modules-2/files-2.1/org.scala-lang/scala-library/2.10.4/9aae4cb1802537d604e03688cab744ff47b31a7d/scala-library-2.10.4.jar
2015-10-13 23:52:29.193+0000 INFO  [o.n.k.i.DiagnosticsManager]:  [classpath + loader.0] file:/home/joao/.gradle/caches/modules-2/files-2.1/org.neo4j/neo4j/2.1.5/4970e5aa3bd3cfa79597af3a3c2d26f928b393df/neo4j-2.1.5.jar
2015-10-13 23:52:29.193+0000 INFO  [o.n.k.i.DiagnosticsManager]:  [classpath + loader.0] file:/home/joao/.gradle/caches/modules-2/files-2.1/org.neo4j/neo4j-cypher/2.1.5/c6588db7c7303f7bb9d3d9a269c954528d2aa5f3/neo4j-cypher-2.1.5.jar
2015-10-13 23:52:29.193+0000 INFO  [o.n.k.i.DiagnosticsManager]:  [classpath + loader.0] file:/home/joao/.gradle/caches/modules-2/files-2.1/org.neo4j/neo4j-primitive-collections/2.1.5/2c7a8aced3d8e57abc9ea1ec34d5d33aa6968a06/neo4j-primitive-collections-2.1.5.jar
2015-10-13 23:52:29.194+0000 INFO  [o.n.k.i.DiagnosticsManager]:  [loader.1] file:/usr/lib/jvm/java-8-oracle/jre/lib/ext/jaccess.jar
2015-10-13 23:52:29.194+0000 INFO  [o.n.k.i.DiagnosticsManager]:  [classpath + loader.0] file:/home/joao/.gradle/caches/modules-2/files-2.1/org.neo4j/neo4j-cypher-compiler-2.0/2.0.3/6436391790d18a7a0de551af1dd367f8b012a07/neo4j-cypher-compiler-2.0-2.0.3.jar
2015-10-13 23:52:29.194+0000 INFO  [o.n.k.i.DiagnosticsManager]:  [bootstrap] /usr/lib/jvm/java-8-oracle/jre/lib/jfr.jar
2015-10-13 23:52:29.194+0000 INFO  [o.n.k.i.DiagnosticsManager]:  [classpath + loader.0] file:/home/joao/.gradle/caches/modules-2/files-2.1/org.slf4j/jcl-over-slf4j/1.7.12/adef7a9e1263298255fdb5cb107ff171d07c82f3/jcl-over-slf4j-1.7.12.jar
2015-10-13 23:52:29.194+0000 INFO  [o.n.k.i.DiagnosticsManager]:  [classpath + loader.0] file:/home/joao/.gradle/caches/modules-2/files-2.1/org.hamcrest/hamcrest-core/1.3/42a25dc3219429f0e5d060061f71acb49bf010a0/hamcrest-core-1.3.jar
2015-10-13 23:52:29.194+0000 INFO  [o.n.k.i.DiagnosticsManager]:  [classpath + loader.0] file:/home/joao/.gradle/caches/modules-2/files-2.1/com.googlecode.concurrentlinkedhashmap/concurrentlinkedhashmap-lru/1.3.1/584a998286ec5b62a3ee115e29410e4233b76346/concurrentlinkedhashmap-lru-1.3.1.jar
2015-10-13 23:52:29.194+0000 INFO  [o.n.k.i.DiagnosticsManager]:  [loader.1] file:/usr/lib/jvm/java-8-oracle/jre/lib/ext/sunpkcs11.jar
2015-10-13 23:52:29.194+0000 INFO  [o.n.k.i.DiagnosticsManager]:  [classpath + loader.0] file:/home/joao/.gradle/caches/modules-2/files-2.1/com.fasterxml/classmate/1.0.0/434efef28c81162b17c540e634cffa3bd9b09b4c/classmate-1.0.0.jar
2015-10-13 23:52:29.194+0000 INFO  [o.n.k.i.DiagnosticsManager]:  [classpath + loader.0] file:/home/joao/.gradle/caches/modules-2/files-2.1/org.neo4j/neo4j-cypher-commons/2.1.5/a9b9b97c27e799e1edb74bfb72b4a743806f4ed5/neo4j-cypher-commons-2.1.5.jar
2015-10-13 23:52:29.194+0000 INFO  [o.n.k.i.DiagnosticsManager]:  [classpath + loader.0] file:/home/joao/.gradle/caches/modules-2/files-2.1/org.jboss.logging/jboss-logging/3.1.3.GA/64499e907f19e5e1b3fdc02f81440c1832fe3545/jboss-logging-3.1.3.GA.jar
2015-10-13 23:52:29.194+0000 INFO  [o.n.k.i.DiagnosticsManager]:  [classpath + loader.0] file:/home/joao/.gradle/caches/modules-2/files-2.1/org.hibernate/hibernate-validator/5.1.3.Final/334d46a93cf095160ce06d8382594b904933c808/hibernate-validator-5.1.3.Final.jar
2015-10-13 23:52:29.194+0000 INFO  [o.n.k.i.DiagnosticsManager]:  [classpath + loader.0] file:/home/joao/.gradle/caches/modules-2/files-2.1/aopalliance/aopalliance/1.0/235ba8b489512805ac13a8f9ea77a1ca5ebe3e8/aopalliance-1.0.jar
2015-10-13 23:52:29.194+0000 INFO  [o.n.k.i.DiagnosticsManager]:  [classpath + loader.0] file:/home/joao/.gradle/caches/modules-2/files-2.1/junit/junit/4.12/2973d150c0dc1fefe998f834810d68f278ea58ec/junit-4.12.jar
2015-10-13 23:52:29.194+0000 INFO  [o.n.k.i.DiagnosticsManager]:  [classpath + loader.0] file:/home/joao/.gradle/caches/modules-2/files-2.1/net.sf.opencsv/opencsv/2.3/c23708cdb9e80a144db433e23344a788a1fd6599/opencsv-2.3.jar
2015-10-13 23:52:29.194+0000 INFO  [o.n.k.i.DiagnosticsManager]:  [classpath + loader.0] file:/home/joao/.gradle/caches/modules-2/files-2.1/org.neo4j/neo4j-cypher-compiler-1.9/2.0.3/d25359b1a0484a9d7d08c6d14781d3505f2ed5e9/neo4j-cypher-compiler-1.9-2.0.3.jar
2015-10-13 23:52:29.194+0000 INFO  [o.n.k.i.DiagnosticsManager]:  [bootstrap] /usr/lib/jvm/java-8-oracle/jre/lib/rt.jar
2015-10-13 23:52:29.194+0000 INFO  [o.n.k.i.DiagnosticsManager]:  [classpath + loader.0] file:/home/joao/.gradle/caches/modules-2/files-2.1/org.springframework.data/spring-data-commons/1.9.3.RELEASE/4cb967936cfb3ddaa493d632120b765d918caafd/spring-data-commons-1.9.3.RELEASE.jar
2015-10-13 23:52:29.194+0000 INFO  [o.n.k.i.DiagnosticsManager]:  [bootstrap] /usr/lib/jvm/java-8-oracle/jre/lib/jsse.jar
2015-10-13 23:52:29.194+0000 INFO  [o.n.k.i.DiagnosticsManager]:  [classpath + loader.0] file:/home/joao/.gradle/caches/modules-2/files-2.1/org.aspectj/aspectjrt/1.8.6/a7db7ea5f7bb18a1cbd9f24edd0e666504800be/aspectjrt-1.8.6.jar
2015-10-13 23:52:29.194+0000 INFO  [o.n.k.i.DiagnosticsManager]:  [classpath + loader.0] file:/home/joao/.gradle/caches/modules-2/files-2.1/commons-logging/commons-logging/1.2/4bfc12adfe4842bf07b657f0369c4cb522955686/commons-logging-1.2.jar
2015-10-13 23:52:29.194+0000 INFO  [o.n.k.i.DiagnosticsManager]:  [classpath + loader.0] file:/home/joao/.gradle/caches/modules-2/files-2.1/org.springframework/spring-context/4.1.7.RELEASE/8c6c02bcccfa23a74db59f7b7725e69e1af38f04/spring-context-4.1.7.RELEASE.jar
2015-10-13 23:52:29.194+0000 INFO  [o.n.k.i.DiagnosticsManager]:  [loader.1] file:/usr/lib/jvm/java-8-oracle/jre/lib/ext/cldrdata.jar
2015-10-13 23:52:29.194+0000 INFO  [o.n.k.i.DiagnosticsManager]:  [classpath + loader.0] file:/home/joao/.gradle/caches/modules-2/files-2.1/org.springframework/spring-core/4.1.7.RELEASE/9f8e34eef228f44bda771c9dc62e9f1efa82c92d/spring-core-4.1.7.RELEASE.jar
2015-10-13 23:52:29.194+0000 INFO  [o.n.k.i.DiagnosticsManager]:  [classpath + loader.0] file:/home/joao/UFRNWorkspace/gs-accessing-data-neo4j-complete/bin/
2015-10-13 23:52:29.195+0000 INFO  [o.n.k.i.DiagnosticsManager]:  [classpath + loader.0] file:/home/joao/.gradle/caches/modules-2/files-2.1/ch.qos.logback/logback-classic/1.1.3/d90276fff414f06cb375f2057f6778cd63c6082f/logback-classic-1.1.3.jar
2015-10-13 23:52:29.195+0000 INFO  [o.n.k.i.DiagnosticsManager]:  [classpath + loader.0] file:/home/joao/.gradle/caches/modules-2/files-2.1/org.springframework.boot/spring-boot-autoconfigure/1.2.6.RELEASE/bfabd0f400672b42fa5ace228341fa77a6a9ba4e/spring-boot-autoconfigure-1.2.6.RELEASE.jar
2015-10-13 23:52:29.195+0000 INFO  [o.n.k.i.DiagnosticsManager]:  [classpath + loader.0] file:/home/joao/.gradle/caches/modules-2/files-2.1/org.springframework/spring-tx/4.1.7.RELEASE/3465a5d3b24006d51482cf45abd13e347f64582a/spring-tx-4.1.7.RELEASE.jar
2015-10-13 23:52:29.195+0000 INFO  [o.n.k.i.DiagnosticsManager]:  [loader.1] file:/usr/lib/jvm/java-8-oracle/jre/lib/ext/sunec.jar
2015-10-13 23:52:29.195+0000 INFO  [o.n.k.i.DiagnosticsManager]:  [bootstrap] /usr/lib/jvm/java-8-oracle/jre/lib/charsets.jar
2015-10-13 23:52:29.195+0000 INFO  [o.n.k.i.DiagnosticsManager]:  [classpath + loader.0] file:/home/joao/.gradle/caches/modules-2/files-2.1/org.neo4j/neo4j-cypher-dsl/2.0.1/519d317979935773646356ee2f7923090f7d53e8/neo4j-cypher-dsl-2.0.1.jar
2015-10-13 23:52:29.195+0000 INFO  [o.n.k.i.DiagnosticsManager]:  [classpath + loader.0] file:/home/joao/.gradle/caches/modules-2/files-2.1/org.parboiled/parboiled-core/1.1.6/11bd0c34fc6ac3c3cbf440ab8180cc6422c044e9/parboiled-core-1.1.6.jar
2015-10-13 23:52:29.195+0000 INFO  [o.n.k.i.DiagnosticsManager]:  [classpath + loader.0] file:/home/joao/.gradle/caches/modules-2/files-2.1/javax.validation/validation-api/1.1.0.Final/8613ae82954779d518631e05daa73a6a954817d5/validation-api-1.1.0.Final.jar
2015-10-13 23:52:29.195+0000 INFO  [o.n.k.i.DiagnosticsManager]:  [classpath + loader.0] file:/home/joao/.gradle/caches/modules-2/files-2.1/org.neo4j/neo4j-udc/2.1.5/4ed2a840a94a4c345195a898273ce1c2ff1c5dd3/neo4j-udc-2.1.5.jar
2015-10-13 23:52:29.195+0000 INFO  [o.n.k.i.DiagnosticsManager]:  [classpath + loader.0] file:/home/joao/.gradle/caches/modules-2/files-2.1/org.springframework.boot/spring-boot-starter-logging/1.2.6.RELEASE/705098e35b3a95c6353632077702d079e20199cf/spring-boot-starter-logging-1.2.6.RELEASE.jar
2015-10-13 23:52:29.195+0000 INFO  [o.n.k.i.DiagnosticsManager]:  [classpath + loader.0] file:/home/joao/.gradle/caches/modules-2/files-2.1/org.slf4j/log4j-over-slf4j/1.7.12/d2444c9c7c1923304c25f86c5ee83a79a8166205/log4j-over-slf4j-1.7.12.jar
2015-10-13 23:52:29.195+0000 INFO  [o.n.k.i.DiagnosticsManager]:  [classpath + loader.0] file:/home/joao/.gradle/caches/modules-2/files-2.1/org.neo4j/neo4j-lucene-index/2.1.5/c5d135d453b2772f9658d0b9c072c806d2b4770/neo4j-lucene-index-2.1.5.jar
2015-10-13 23:52:29.195+0000 INFO  [o.n.k.i.DiagnosticsManager]:  [loader.1] file:/usr/lib/jvm/java-8-oracle/jre/lib/ext/sunjce_provider.jar
2015-10-13 23:52:29.195+0000 INFO  [o.n.k.i.DiagnosticsManager]:  [classpath + loader.0] file:/home/joao/.gradle/caches/modules-2/files-2.1/org.yaml/snakeyaml/1.14/c2df91929ed06a25001939929bff5120e0ea3fd4/snakeyaml-1.14.jar
2015-10-13 23:52:29.195+0000 INFO  [o.n.k.i.DiagnosticsManager]:  [classpath + loader.0] file:/home/joao/.gradle/caches/modules-2/files-2.1/org.neo4j/neo4j-kernel/2.1.5/223005c5ea870e3bd81cbbb22bcc6a2463fba2a1/neo4j-kernel-2.1.5.jar
2015-10-13 23:52:29.195+0000 INFO  [o.n.k.i.DiagnosticsManager]:  [classpath + loader.0] file:/home/joao/.gradle/caches/modules-2/files-2.1/org.parboiled/parboiled-scala_2.10/1.1.6/bc93b215151f7dc42653f3eb0243b3130a7e1e11/parboiled-scala_2.10-1.1.6.jar
2015-10-13 23:52:29.195+0000 INFO  [o.n.k.i.DiagnosticsManager]:  [bootstrap] /usr/lib/jvm/java-8-oracle/jre/classes
2015-10-13 23:52:29.195+0000 INFO  [o.n.k.i.DiagnosticsManager]:  [classpath + loader.0] file:/home/joao/.gradle/caches/modules-2/files-2.1/org.aspectj/aspectjweaver/1.8.4/2ee166facba0b05c5dc444a934027baa114fddd9/aspectjweaver-1.8.4.jar
2015-10-13 23:52:29.195+0000 INFO  [o.n.k.i.DiagnosticsManager]:  [classpath + loader.0] file:/home/joao/.gradle/caches/modules-2/files-2.1/org.springframework.data/spring-data-neo4j/3.2.3.RELEASE/4d1cf822f4ef79b6f34cb8e129c151c4c0bb4518/spring-data-neo4j-3.2.3.RELEASE.jar
2015-10-13 23:52:29.195+0000 INFO  [o.n.k.i.DiagnosticsManager]:  [classpath + loader.0] file:/home/joao/.gradle/caches/modules-2/files-2.1/org.springframework/spring-expression/4.1.7.RELEASE/9bc3b81d05961f042ea4a45e84d60cdc59ea51f5/spring-expression-4.1.7.RELEASE.jar
2015-10-13 23:52:29.195+0000 INFO  [o.n.k.i.DiagnosticsManager]:  [classpath + loader.0] file:/home/joao/.gradle/caches/modules-2/files-2.1/org.apache.geronimo.specs/geronimo-jta_1.1_spec/1.1.1/aabab3165b8ea936b9360abbf448459c0d04a5a4/geronimo-jta_1.1_spec-1.1.1.jar
2015-10-13 23:52:29.195+0000 INFO  [o.n.k.i.DiagnosticsManager]:  [classpath + loader.0] file:/home/joao/.gradle/caches/modules-2/files-2.1/org.neo4j/neo4j-graph-algo/2.1.5/c582cb29478c55b80b6d86da5c746a30177a3d49/neo4j-graph-algo-2.1.5.jar
2015-10-13 23:52:29.195+0000 INFO  [o.n.k.i.DiagnosticsManager]:  [classpath + loader.0] file:/home/joao/.gradle/caches/modules-2/files-2.1/org.apache.lucene/lucene-core/3.6.2/9ec77e2507f9cc01756964c71d91efd8154a8c47/lucene-core-3.6.2.jar
2015-10-13 23:52:29.195+0000 INFO  [o.n.k.i.DiagnosticsManager]:  [classpath + loader.0] file:/home/joao/.gradle/caches/modules-2/files-2.1/org.springframework/spring-aspects/4.0.9.RELEASE/d0fa095b96b36e17e169c47bd9173935693ed1f7/spring-aspects-4.0.9.RELEASE.jar
2015-10-13 23:52:29.195+0000 INFO  [o.n.k.i.DiagnosticsManager]:  [loader.1] file:/usr/lib/jvm/java-8-oracle/jre/lib/ext/nashorn.jar
2015-10-13 23:52:29.196+0000 INFO  [o.n.k.i.DiagnosticsManager]:  [classpath + loader.0] file:/home/joao/.gradle/caches/modules-2/files-2.1/org.springframework.boot/spring-boot-starter/1.2.6.RELEASE/95a83e8a81ce873505badb92a61751ac48824922/spring-boot-starter-1.2.6.RELEASE.jar
2015-10-13 23:52:29.196+0000 INFO  [o.n.k.i.DiagnosticsManager]:  [loader.1] file:/usr/lib/jvm/java-8-oracle/jre/lib/ext/dnsns.jar
2015-10-13 23:52:29.196+0000 INFO  [o.n.k.i.DiagnosticsManager]:  [classpath + loader.0] file:/home/joao/.gradle/caches/modules-2/files-2.1/javax.el/javax.el-api/2.2.4/1287562cc3f0ff5439ded6f2949e73ce1c0edaab/javax.el-api-2.2.4.jar
2015-10-13 23:52:29.196+0000 INFO  [o.n.k.i.DiagnosticsManager]:  [classpath + loader.0] file:/home/joao/.gradle/caches/modules-2/files-2.1/org.slf4j/jul-to-slf4j/1.7.12/8811e2e9ab9055e557598dc9aedc64fd43e0ab20/jul-to-slf4j-1.7.12.jar
2015-10-13 23:52:29.196+0000 INFO  [o.n.k.i.DiagnosticsManager]:  [bootstrap] /usr/lib/jvm/java-8-oracle/jre/lib/sunrsasign.jar
2015-10-13 23:52:29.196+0000 INFO  [o.n.k.i.DiagnosticsManager]:  [classpath + loader.0] file:/home/joao/.gradle/caches/modules-2/files-2.1/org.slf4j/slf4j-api/1.7.12/8e20852d05222dc286bf1c71d78d0531e177c317/slf4j-api-1.7.12.jar
2015-10-13 23:52:29.196+0000 INFO  [o.n.k.i.DiagnosticsManager]:  [classpath + loader.0] file:/home/joao/.gradle/caches/modules-2/files-2.1/org.neo4j/neo4j-graph-matching/2.1.5/668c61278499978456fbe3d1407916f0349e9952/neo4j-graph-matching-2.1.5.jar
2015-10-13 23:52:29.196+0000 INFO  [o.n.k.i.DiagnosticsManager]:  [bootstrap] /usr/lib/jvm/java-8-oracle/jre/lib/resources.jar
2015-10-13 23:52:29.196+0000 INFO  [o.n.k.i.DiagnosticsManager]:  [classpath + loader.0] file:/home/joao/.gradle/caches/modules-2/files-2.1/org.neo4j/neo4j-jmx/2.1.5/da54067eb4fe600b0fcad8f19a481d15c04dad8e/neo4j-jmx-2.1.5.jar
2015-10-13 23:52:29.196+0000 INFO  [o.n.k.i.DiagnosticsManager]:  [loader.1] file:/usr/lib/jvm/java-8-oracle/jre/lib/ext/localedata.jar
2015-10-13 23:52:29.196+0000 INFO  [o.n.k.i.DiagnosticsManager]:  [classpath + loader.0] file:/home/joao/.gradle/caches/modules-2/files-2.1/ch.qos.logback/logback-core/1.1.3/e3c02049f2dbbc764681b40094ecf0dcbc99b157/logback-core-1.1.3.jar
2015-10-13 23:52:29.196+0000 INFO  [o.n.k.i.DiagnosticsManager]:  [classpath + loader.0] file:/home/joao/.gradle/caches/modules-2/files-2.1/org.springframework.boot/spring-boot/1.2.6.RELEASE/888496de7156692a0eb5685cb18e0f6dd23b1ff4/spring-boot-1.2.6.RELEASE.jar
2015-10-13 23:52:29.196+0000 INFO  [o.n.k.i.DiagnosticsManager]:  [classpath + loader.0] file:/home/joao/.gradle/caches/modules-2/files-2.1/org.springframework/spring-aop/4.1.7.RELEASE/127f005bac8ec1fbbbc5bb1595d78c6179394a46/spring-aop-4.1.7.RELEASE.jar
2015-10-13 23:52:29.196+0000 INFO  [o.n.k.i.DiagnosticsManager]: Library path:
2015-10-13 23:52:29.197+0000 INFO  [o.n.k.i.DiagnosticsManager]: /usr/java/packages/lib/amd64
2015-10-13 23:52:29.197+0000 INFO  [o.n.k.i.DiagnosticsManager]: /usr/lib64
2015-10-13 23:52:29.197+0000 INFO  [o.n.k.i.DiagnosticsManager]: /lib64
2015-10-13 23:52:29.197+0000 INFO  [o.n.k.i.DiagnosticsManager]: /lib
2015-10-13 23:52:29.197+0000 INFO  [o.n.k.i.DiagnosticsManager]: /usr/lib
2015-10-13 23:52:29.197+0000 INFO  [o.n.k.i.DiagnosticsManager]: System.properties:
2015-10-13 23:52:29.197+0000 INFO  [o.n.k.i.DiagnosticsManager]: sun.boot.library.path = /usr/lib/jvm/java-8-oracle/jre/lib/amd64
2015-10-13 23:52:29.197+0000 INFO  [o.n.k.i.DiagnosticsManager]: path.separator = :
2015-10-13 23:52:29.197+0000 INFO  [o.n.k.i.DiagnosticsManager]: file.encoding.pkg = sun.io
2015-10-13 23:52:29.197+0000 INFO  [o.n.k.i.DiagnosticsManager]: user.country = BR
2015-10-13 23:52:29.197+0000 INFO  [o.n.k.i.DiagnosticsManager]: sun.java.launcher = SUN_STANDARD
2015-10-13 23:52:29.197+0000 INFO  [o.n.k.i.DiagnosticsManager]: sun.os.patch.level = unknown
2015-10-13 23:52:29.197+0000 INFO  [o.n.k.i.DiagnosticsManager]: PID = 6224
2015-10-13 23:52:29.198+0000 INFO  [o.n.k.i.DiagnosticsManager]: user.dir = /home/joao/UFRNWorkspace/gs-accessing-data-neo4j-complete
2015-10-13 23:52:29.198+0000 INFO  [o.n.k.i.DiagnosticsManager]: org.jboss.logging.provider = slf4j
2015-10-13 23:52:29.198+0000 INFO  [o.n.k.i.DiagnosticsManager]: sun.jnu.encoding = UTF-8
2015-10-13 23:52:29.198+0000 INFO  [o.n.k.i.DiagnosticsManager]: sun.management.compiler = HotSpot 64-Bit Tiered Compilers
2015-10-13 23:52:29.198+0000 INFO  [o.n.k.i.DiagnosticsManager]: user.home = /home/joao
2015-10-13 23:52:29.198+0000 INFO  [o.n.k.i.DiagnosticsManager]: user.timezone = America/Recife
2015-10-13 23:52:29.198+0000 INFO  [o.n.k.i.DiagnosticsManager]: file.encoding = UTF-8
2015-10-13 23:52:29.198+0000 INFO  [o.n.k.i.DiagnosticsManager]: user.name = joao
2015-10-13 23:52:29.198+0000 INFO  [o.n.k.i.DiagnosticsManager]: sun.java.command = hello.Application
2015-10-13 23:52:29.198+0000 INFO  [o.n.k.i.DiagnosticsManager]: sun.arch.data.model = 64
2015-10-13 23:52:29.198+0000 INFO  [o.n.k.i.DiagnosticsManager]: user.language = pt
2015-10-13 23:52:29.198+0000 INFO  [o.n.k.i.DiagnosticsManager]: awt.toolkit = sun.awt.X11.XToolkit
2015-10-13 23:52:29.198+0000 INFO  [o.n.k.i.DiagnosticsManager]: file.separator = /
2015-10-13 23:52:29.198+0000 INFO  [o.n.k.i.DiagnosticsManager]: sun.io.unicode.encoding = UnicodeLittle
2015-10-13 23:52:29.198+0000 INFO  [o.n.k.i.DiagnosticsManager]: sun.cpu.endian = little
2015-10-13 23:52:29.198+0000 INFO  [o.n.k.i.DiagnosticsManager]: sun.desktop = gnome
2015-10-13 23:52:29.198+0000 INFO  [o.n.k.i.DiagnosticsManager]: sun.cpu.isalist = 
2015-10-13 23:52:29.198+0000 INFO  [o.n.k.i.DiagnosticsManager]: Linux scheduler information:
2015-10-13 23:52:29.200+0000 INFO  [o.n.k.i.DiagnosticsManager]: noop [deadline] cfq 
2015-10-13 23:52:29.200+0000 INFO  [o.n.k.i.DiagnosticsManager]: noop [deadline] cfq 
2015-10-13 23:52:29.200+0000 INFO  [o.n.k.i.DiagnosticsManager]: none
2015-10-13 23:52:29.200+0000 INFO  [o.n.k.i.DiagnosticsManager]: none
2015-10-13 23:52:29.200+0000 INFO  [o.n.k.i.DiagnosticsManager]: none
2015-10-13 23:52:29.200+0000 INFO  [o.n.k.i.DiagnosticsManager]: none
2015-10-13 23:52:29.200+0000 INFO  [o.n.k.i.DiagnosticsManager]: none
2015-10-13 23:52:29.201+0000 INFO  [o.n.k.i.DiagnosticsManager]: none
2015-10-13 23:52:29.201+0000 INFO  [o.n.k.i.DiagnosticsManager]: none
2015-10-13 23:52:29.201+0000 INFO  [o.n.k.i.DiagnosticsManager]: none
2015-10-13 23:52:29.201+0000 INFO  [o.n.k.i.DiagnosticsManager]: none
2015-10-13 23:52:29.201+0000 INFO  [o.n.k.i.DiagnosticsManager]: none
2015-10-13 23:52:29.201+0000 INFO  [o.n.k.i.DiagnosticsManager]: none
2015-10-13 23:52:29.201+0000 INFO  [o.n.k.i.DiagnosticsManager]: none
2015-10-13 23:52:29.202+0000 INFO  [o.n.k.i.DiagnosticsManager]: none
2015-10-13 23:52:29.202+0000 INFO  [o.n.k.i.DiagnosticsManager]: none
2015-10-13 23:52:29.202+0000 INFO  [o.n.k.i.DiagnosticsManager]: none
2015-10-13 23:52:29.202+0000 INFO  [o.n.k.i.DiagnosticsManager]: none
2015-10-13 23:52:29.202+0000 INFO  [o.n.k.i.DiagnosticsManager]: none
2015-10-13 23:52:29.203+0000 INFO  [o.n.k.i.DiagnosticsManager]: none
2015-10-13 23:52:29.203+0000 INFO  [o.n.k.i.DiagnosticsManager]: none
2015-10-13 23:52:29.203+0000 INFO  [o.n.k.i.DiagnosticsManager]: none
2015-10-13 23:52:29.203+0000 INFO  [o.n.k.i.DiagnosticsManager]: none
2015-10-13 23:52:29.203+0000 INFO  [o.n.k.i.DiagnosticsManager]: none
2015-10-13 23:52:29.203+0000 INFO  [o.n.k.i.DiagnosticsManager]: none
2015-10-13 23:52:29.203+0000 INFO  [o.n.k.i.DiagnosticsManager]: none
2015-10-13 23:52:29.203+0000 INFO  [o.n.k.i.DiagnosticsManager]: none
2015-10-13 23:52:29.204+0000 INFO  [o.n.k.i.DiagnosticsManager]: none
2015-10-13 23:52:29.204+0000 INFO  [o.n.k.i.DiagnosticsManager]: none
2015-10-13 23:52:29.204+0000 INFO  [o.n.k.i.DiagnosticsManager]: none
2015-10-13 23:52:29.204+0000 INFO  [o.n.k.i.DiagnosticsManager]: Network information:
2015-10-13 23:52:29.205+0000 INFO  [o.n.k.i.DiagnosticsManager]: Interface wlan0:
2015-10-13 23:52:29.206+0000 INFO  [o.n.k.i.DiagnosticsManager]:     address: fe80:0:0:0:4a5a:b6ff:fef5:1ef9%wlan0
2015-10-13 23:52:29.206+0000 INFO  [o.n.k.i.DiagnosticsManager]:     address: 2804:1b1:4182:5b78:85f2:de12:3d1:a972%wlan0
2015-10-13 23:52:29.206+0000 INFO  [o.n.k.i.DiagnosticsManager]:     address: 2804:1b1:4182:5b78:0:0:0:100%wlan0
2015-10-13 23:52:29.206+0000 INFO  [o.n.k.i.DiagnosticsManager]:     address: 2804:1b1:4182:5b78:4a5a:b6ff:fef5:1ef9%wlan0
2015-10-13 23:52:29.206+0000 INFO  [o.n.k.i.DiagnosticsManager]:     address: 192.168.1.8
2015-10-13 23:52:29.206+0000 INFO  [o.n.k.i.DiagnosticsManager]: Interface lo:
2015-10-13 23:52:29.206+0000 INFO  [o.n.k.i.DiagnosticsManager]:     address: 0:0:0:0:0:0:0:1%lo
2015-10-13 23:52:29.207+0000 INFO  [o.n.k.i.DiagnosticsManager]:     address: 127.0.0.1
2015-10-13 23:52:29.207+0000 INFO  [o.n.k.i.DiagnosticsManager]: --- INITIALIZED diagnostics END ---
2015-10-13 23:52:29.322+0000 INFO  [o.n.k.i.n.s.StoreFactory]: Creating new db @ accessingdataneo4j.db/neostore
2015-10-13 23:52:29.405+0000 INFO  [o.n.k.i.n.s.StoreFactory]: [accessingdataneo4j.db/neostore.relationshiptypestore.db.names] brickCount=0 brickSize=0b mappedMem=0b (storeSize=38b)
2015-10-13 23:52:29.407+0000 INFO  [o.n.k.i.n.s.StoreFactory]: [accessingdataneo4j.db/neostore.relationshiptypestore.db] brickCount=0 brickSize=0b mappedMem=0b (storeSize=0b)
2015-10-13 23:52:29.408+0000 INFO  [o.n.k.i.n.s.StoreFactory]: accessingdataneo4j.db/neostore.relationshiptypestore.db.names hit=0 miss=0 switches=0 ooe=0
2015-10-13 23:52:29.412+0000 INFO  [o.n.k.i.n.s.StoreFactory]: accessingdataneo4j.db/neostore.relationshiptypestore.db hit=0 miss=0 switches=0 ooe=0
2015-10-13 23:52:29.423+0000 INFO  [o.n.k.i.n.s.StoreFactory]: [accessingdataneo4j.db/neostore.labeltokenstore.db.names] brickCount=0 brickSize=0b mappedMem=0b (storeSize=38b)
2015-10-13 23:52:29.424+0000 INFO  [o.n.k.i.n.s.StoreFactory]: [accessingdataneo4j.db/neostore.labeltokenstore.db] brickCount=0 brickSize=0b mappedMem=0b (storeSize=0b)
2015-10-13 23:52:29.426+0000 INFO  [o.n.k.i.n.s.StoreFactory]: accessingdataneo4j.db/neostore.labeltokenstore.db.names hit=0 miss=0 switches=0 ooe=0
2015-10-13 23:52:29.429+0000 INFO  [o.n.k.i.n.s.StoreFactory]: accessingdataneo4j.db/neostore.labeltokenstore.db hit=0 miss=0 switches=0 ooe=0
2015-10-13 23:52:29.446+0000 INFO  [o.n.k.i.n.s.StoreFactory]: [accessingdataneo4j.db/neostore.relationshiptypestore.db.names] brickCount=0 brickSize=0b mappedMem=0b (storeSize=38b)
2015-10-13 23:52:29.446+0000 INFO  [o.n.k.i.n.s.StoreFactory]: [accessingdataneo4j.db/neostore.relationshiptypestore.db] brickCount=0 brickSize=0b mappedMem=0b (storeSize=0b)
2015-10-13 23:52:29.446+0000 INFO  [o.n.k.i.n.s.StoreFactory]: [accessingdataneo4j.db/neostore.labeltokenstore.db.names] brickCount=0 brickSize=0b mappedMem=0b (storeSize=38b)
2015-10-13 23:52:29.446+0000 INFO  [o.n.k.i.n.s.StoreFactory]: [accessingdataneo4j.db/neostore.labeltokenstore.db] brickCount=0 brickSize=0b mappedMem=0b (storeSize=0b)
2015-10-13 23:52:29.447+0000 INFO  [o.n.k.i.n.s.StoreFactory]: [accessingdataneo4j.db/neostore.propertystore.db.strings] brickCount=0 brickSize=568320b mappedMem=568328192b (storeSize=128b)
2015-10-13 23:52:29.447+0000 INFO  [o.n.k.i.n.s.StoreFactory]: [accessingdataneo4j.db/neostore.propertystore.db.index.keys] brickCount=0 brickSize=0b mappedMem=0b (storeSize=38b)
2015-10-13 23:52:29.447+0000 INFO  [o.n.k.i.n.s.StoreFactory]: [accessingdataneo4j.db/neostore.propertystore.db.index] brickCount=0 brickSize=0b mappedMem=0b (storeSize=0b)
2015-10-13 23:52:29.447+0000 INFO  [o.n.k.i.n.s.StoreFactory]: [accessingdataneo4j.db/neostore.propertystore.db.arrays] brickCount=0 brickSize=644864b mappedMem=644874240b (storeSize=128b)
2015-10-13 23:52:29.450+0000 INFO  [o.n.k.i.n.s.StoreFactory]: [accessingdataneo4j.db/neostore.propertystore.db] brickCount=0 brickSize=6689888b mappedMem=668991488b (storeSize=0b)
2015-10-13 23:52:29.452+0000 INFO  [o.n.k.i.n.s.StoreFactory]: [accessingdataneo4j.db/neostore.relationshipstore.db] brickCount=0 brickSize=8199848b mappedMem=819986432b (storeSize=0b)
2015-10-13 23:52:29.452+0000 INFO  [o.n.k.i.n.s.StoreFactory]: [accessingdataneo4j.db/neostore.nodestore.db.labels] brickCount=0 brickSize=0b mappedMem=0b (storeSize=68b)
2015-10-13 23:52:29.454+0000 INFO  [o.n.k.i.n.s.StoreFactory]: [accessingdataneo4j.db/neostore.nodestore.db] brickCount=0 brickSize=1855965b mappedMem=185597952b (storeSize=0b)
2015-10-13 23:52:29.454+0000 INFO  [o.n.k.i.n.s.StoreFactory]: [accessingdataneo4j.db/neostore.schemastore.db] brickCount=0 brickSize=0b mappedMem=0b (storeSize=64b)
2015-10-13 23:52:29.456+0000 INFO  [o.n.k.i.n.s.StoreFactory]: [accessingdataneo4j.db/neostore.relationshipgroupstore.db] brickCount=0 brickSize=0b mappedMem=0b (storeSize=25b)
2015-10-13 23:52:29.456+0000 INFO  [o.n.k.i.n.s.StoreFactory]: [accessingdataneo4j.db/neostore] brickCount=0 brickSize=0b mappedMem=0b (storeSize=0b)
2015-10-13 23:52:29.461+0000 INFO  [o.n.k.i.n.s.StoreFactory]: accessingdataneo4j.db/neostore.relationshiptypestore.db.names hit=0 miss=0 switches=0 ooe=0
2015-10-13 23:52:29.464+0000 INFO  [o.n.k.i.n.s.StoreFactory]: accessingdataneo4j.db/neostore.relationshiptypestore.db hit=0 miss=0 switches=0 ooe=0
2015-10-13 23:52:29.467+0000 INFO  [o.n.k.i.n.s.StoreFactory]: accessingdataneo4j.db/neostore.labeltokenstore.db.names hit=0 miss=0 switches=0 ooe=0
2015-10-13 23:52:29.471+0000 INFO  [o.n.k.i.n.s.StoreFactory]: accessingdataneo4j.db/neostore.labeltokenstore.db hit=0 miss=0 switches=0 ooe=0
2015-10-13 23:52:29.474+0000 INFO  [o.n.k.i.n.s.StoreFactory]: accessingdataneo4j.db/neostore.propertystore.db.strings hit=0 miss=0 switches=0 ooe=0
2015-10-13 23:52:29.477+0000 INFO  [o.n.k.i.n.s.StoreFactory]: accessingdataneo4j.db/neostore.propertystore.db.index.keys hit=0 miss=0 switches=0 ooe=0
2015-10-13 23:52:29.480+0000 INFO  [o.n.k.i.n.s.StoreFactory]: accessingdataneo4j.db/neostore.propertystore.db.index hit=0 miss=0 switches=0 ooe=0
2015-10-13 23:52:29.483+0000 INFO  [o.n.k.i.n.s.StoreFactory]: accessingdataneo4j.db/neostore.propertystore.db.arrays hit=0 miss=0 switches=0 ooe=0
2015-10-13 23:52:29.486+0000 INFO  [o.n.k.i.n.s.StoreFactory]: accessingdataneo4j.db/neostore.propertystore.db hit=0 miss=0 switches=0 ooe=0
2015-10-13 23:52:29.489+0000 INFO  [o.n.k.i.n.s.StoreFactory]: accessingdataneo4j.db/neostore.relationshipstore.db hit=0 miss=0 switches=0 ooe=0
2015-10-13 23:52:29.495+0000 INFO  [o.n.k.i.n.s.StoreFactory]: accessingdataneo4j.db/neostore.nodestore.db.labels hit=0 miss=0 switches=0 ooe=0
2015-10-13 23:52:29.498+0000 INFO  [o.n.k.i.n.s.StoreFactory]: accessingdataneo4j.db/neostore.nodestore.db hit=0 miss=0 switches=0 ooe=0
2015-10-13 23:52:29.501+0000 INFO  [o.n.k.i.n.s.StoreFactory]: accessingdataneo4j.db/neostore.schemastore.db hit=0 miss=0 switches=0 ooe=0
2015-10-13 23:52:29.504+0000 INFO  [o.n.k.i.n.s.StoreFactory]: accessingdataneo4j.db/neostore.relationshipgroupstore.db hit=0 miss=0 switches=0 ooe=0
2015-10-13 23:52:29.509+0000 INFO  [o.n.k.i.n.s.StoreFactory]: accessingdataneo4j.db/neostore hit=0 miss=10 switches=0 ooe=0
2015-10-13 23:52:29.517+0000 INFO  [o.n.k.i.n.s.StoreFactory]: [accessingdataneo4j.db/neostore.relationshiptypestore.db.names] brickCount=0 brickSize=0b mappedMem=0b (storeSize=38b)
2015-10-13 23:52:29.517+0000 INFO  [o.n.k.i.n.s.StoreFactory]: [accessingdataneo4j.db/neostore.relationshiptypestore.db] brickCount=0 brickSize=0b mappedMem=0b (storeSize=0b)
2015-10-13 23:52:29.517+0000 INFO  [o.n.k.i.n.s.StoreFactory]: [accessingdataneo4j.db/neostore.labeltokenstore.db.names] brickCount=0 brickSize=0b mappedMem=0b (storeSize=38b)
2015-10-13 23:52:29.517+0000 INFO  [o.n.k.i.n.s.StoreFactory]: [accessingdataneo4j.db/neostore.labeltokenstore.db] brickCount=0 brickSize=0b mappedMem=0b (storeSize=0b)
2015-10-13 23:52:29.517+0000 INFO  [o.n.k.i.n.s.StoreFactory]: [accessingdataneo4j.db/neostore.propertystore.db.strings] brickCount=0 brickSize=568320b mappedMem=568328192b (storeSize=128b)
2015-10-13 23:52:29.518+0000 INFO  [o.n.k.i.n.s.StoreFactory]: [accessingdataneo4j.db/neostore.propertystore.db.index.keys] brickCount=0 brickSize=0b mappedMem=0b (storeSize=38b)
2015-10-13 23:52:29.518+0000 INFO  [o.n.k.i.n.s.StoreFactory]: [accessingdataneo4j.db/neostore.propertystore.db.index] brickCount=0 brickSize=0b mappedMem=0b (storeSize=0b)
2015-10-13 23:52:29.518+0000 INFO  [o.n.k.i.n.s.StoreFactory]: [accessingdataneo4j.db/neostore.propertystore.db.arrays] brickCount=0 brickSize=644864b mappedMem=644874240b (storeSize=128b)
2015-10-13 23:52:29.518+0000 INFO  [o.n.k.i.n.s.StoreFactory]: [accessingdataneo4j.db/neostore.propertystore.db] brickCount=0 brickSize=6689888b mappedMem=668991488b (storeSize=0b)
2015-10-13 23:52:29.518+0000 INFO  [o.n.k.i.n.s.StoreFactory]: [accessingdataneo4j.db/neostore.relationshipstore.db] brickCount=0 brickSize=8199848b mappedMem=819986432b (storeSize=0b)
2015-10-13 23:52:29.519+0000 INFO  [o.n.k.i.n.s.StoreFactory]: [accessingdataneo4j.db/neostore.nodestore.db.labels] brickCount=0 brickSize=0b mappedMem=0b (storeSize=68b)
2015-10-13 23:52:29.519+0000 INFO  [o.n.k.i.n.s.StoreFactory]: [accessingdataneo4j.db/neostore.nodestore.db] brickCount=0 brickSize=1855965b mappedMem=185597952b (storeSize=0b)
2015-10-13 23:52:29.519+0000 INFO  [o.n.k.i.n.s.StoreFactory]: [accessingdataneo4j.db/neostore.schemastore.db] brickCount=0 brickSize=0b mappedMem=0b (storeSize=64b)
2015-10-13 23:52:29.519+0000 INFO  [o.n.k.i.n.s.StoreFactory]: [accessingdataneo4j.db/neostore.relationshipgroupstore.db] brickCount=0 brickSize=0b mappedMem=0b (storeSize=25b)
2015-10-13 23:52:29.519+0000 INFO  [o.n.k.i.n.s.StoreFactory]: [accessingdataneo4j.db/neostore] brickCount=0 brickSize=0b mappedMem=0b (storeSize=81b)
2015-10-13 23:52:29.582+0000 INFO  [o.n.k.a.i.i.LuceneLabelScanStore]: No lucene scan store index found, this might just be first use. Preparing to rebuild.
2015-10-13 23:52:29.606+0000 INFO  [o.n.k.a.i.i.LuceneLabelScanStore]: No lucene scan store index found, this might just be first use. Preparing to rebuild.
2015-10-13 23:52:29.675+0000 INFO  [o.n.k.i.t.x.XaLogicalLog]: Opened logical log [accessingdataneo4j.db/nioneo_logical.log.1] version=0, lastTxId=1 (clean)
2015-10-13 23:52:29.679+0000 INFO  [o.n.k.a.i.i.LuceneLabelScanStore]: Rebuilding lucene scan store, this may take a while
2015-10-13 23:52:29.680+0000 INFO  [o.n.k.a.i.i.LuceneLabelScanStore]: Lucene scan store rebuilt (roughly -1 nodes)
2015-10-13 23:52:29.683+0000 INFO  [o.n.k.i.t.TxManager]: TM new log: tm_tx_log.1
2015-10-13 23:52:29.688+0000 INFO  [o.n.k.i.t.KernelHealth]: Kernel health set to OK
2015-10-13 23:52:29.695+0000 INFO  [o.n.k.i.t.x.XaLogicalLog]: Opened logical log [accessingdataneo4j.db/index/lucene.log.1] version=0, lastTxId=1 (clean)
2015-10-13 23:52:29.701+0000 INFO  [o.n.k.i.DiagnosticsManager]: --- STARTED diagnostics for KernelDiagnostics:Versions START ---
2015-10-13 23:52:29.701+0000 INFO  [o.n.k.i.DiagnosticsManager]: Graph Database: org.neo4j.kernel.EmbeddedGraphDatabase StoreId{creationTime=1444780349331, randomId=639729740945981085, storeVersion=14406081294923270, upgradeTime=1444780349331, upgradeId=639729740945981085}
2015-10-13 23:52:29.701+0000 INFO  [o.n.k.i.DiagnosticsManager]: Kernel version: Neo4j - Graph Database Kernel (neo4j-kernel), version: 2.1.5
2015-10-13 23:52:29.701+0000 INFO  [o.n.k.i.DiagnosticsManager]: Neo4j component versions:
2015-10-13 23:52:29.704+0000 INFO  [o.n.k.i.DiagnosticsManager]:   Neo4j - Cypher Compiler 1.9 (neo4j-cypher-compiler-1.9), version: 2.0.3; revision: 2.0.3:2.0-maint:72/307c563c11b75fdc71cfa6df05daf9b08d6c37dc
2015-10-13 23:52:29.704+0000 INFO  [o.n.k.i.DiagnosticsManager]:   Neo4j Community (neo4j), version: 2.1.5; revision: 2.1.5:2.1-maint:529/45c3cc04946c2b0e243e48c8252e40cb85931744
2015-10-13 23:52:29.704+0000 INFO  [o.n.k.i.DiagnosticsManager]:   Neo4j - Cypher Commons (neo4j-cypher-commons), version: 2.1.5; revision: 2.1.5:2.1-maint:529/45c3cc04946c2b0e243e48c8252e40cb85931744
2015-10-13 23:52:29.704+0000 INFO  [o.n.k.i.DiagnosticsManager]:   neo4j-udc, version: 2.1.5; revision: 2.1.5:2.1-maint:529/45c3cc04946c2b0e243e48c8252e40cb85931744
2015-10-13 23:52:29.704+0000 INFO  [o.n.k.i.DiagnosticsManager]:   Neo4j - Lucene Index (neo4j-lucene-index), version: 2.1.5; revision: 2.1.5:2.1-maint:529/45c3cc04946c2b0e243e48c8252e40cb85931744
2015-10-13 23:52:29.704+0000 INFO  [o.n.k.i.DiagnosticsManager]:   Neo4j - Cypher Compiler 2.0 (neo4j-cypher-compiler-2.0), version: 2.0.3; revision: 2.0.3:2.0-maint:72/307c563c11b75fdc71cfa6df05daf9b08d6c37dc
2015-10-13 23:52:29.704+0000 INFO  [o.n.k.i.DiagnosticsManager]:   Neo4j - Graph Database Kernel (neo4j-kernel), version: 2.1.5; revision: 2.1.5:2.1-maint:529/45c3cc04946c2b0e243e48c8252e40cb85931744
2015-10-13 23:52:29.705+0000 INFO  [o.n.k.i.DiagnosticsManager]:   Neo4j - Graph Matching (neo4j-graph-matching), version: 2.1.5; revision: 2.1.5:2.1-maint:529/45c3cc04946c2b0e243e48c8252e40cb85931744
2015-10-13 23:52:29.705+0000 INFO  [o.n.k.i.DiagnosticsManager]:   Neo4j - JMX support (neo4j-jmx), version: 2.1.5; revision: 2.1.5:2.1-maint:529/45c3cc04946c2b0e243e48c8252e40cb85931744
2015-10-13 23:52:29.705+0000 INFO  [o.n.k.i.DiagnosticsManager]:   Neo4j - Cypher (neo4j-cypher), version: 2.1.5; revision: 2.1.5:2.1-maint:529/45c3cc04946c2b0e243e48c8252e40cb85931744
2015-10-13 23:52:29.705+0000 INFO  [o.n.k.i.DiagnosticsManager]:   Neo4j - Graph Algorithms (neo4j-graph-algo), version: 2.1.5; revision: 2.1.5:2.1-maint:529/45c3cc04946c2b0e243e48c8252e40cb85931744
2015-10-13 23:52:29.705+0000 INFO  [o.n.k.i.DiagnosticsManager]: --- STARTED diagnostics for KernelDiagnostics:Versions END ---
2015-10-13 23:52:29.706+0000 INFO  [o.n.k.i.DiagnosticsManager]: --- STARTED diagnostics for NEO_STORE_VERSIONS START ---
2015-10-13 23:52:29.706+0000 INFO  [o.n.k.i.DiagnosticsManager]: Store versions:
2015-10-13 23:52:29.706+0000 INFO  [o.n.k.i.DiagnosticsManager]: Store versions:
2015-10-13 23:52:29.706+0000 INFO  [o.n.k.i.DiagnosticsManager]:   NeoStore v0.A.3
2015-10-13 23:52:29.707+0000 INFO  [o.n.k.i.DiagnosticsManager]:   SchemaStore v0.A.3
2015-10-13 23:52:29.707+0000 INFO  [o.n.k.i.DiagnosticsManager]:   NodeStore v0.A.3
2015-10-13 23:52:29.707+0000 INFO  [o.n.k.i.DiagnosticsManager]:   RelationshipStore v0.A.3
2015-10-13 23:52:29.707+0000 INFO  [o.n.k.i.DiagnosticsManager]:   RelationshipTypeStore v0.A.3
2015-10-13 23:52:29.707+0000 INFO  [o.n.k.i.DiagnosticsManager]:   LabelTokenStore v0.A.3
2015-10-13 23:52:29.707+0000 INFO  [o.n.k.i.DiagnosticsManager]:   PropertyStore v0.A.3
2015-10-13 23:52:29.707+0000 INFO  [o.n.k.i.DiagnosticsManager]:   PropertyIndexStore v0.A.3
2015-10-13 23:52:29.707+0000 INFO  [o.n.k.i.DiagnosticsManager]:   StringPropertyStore v0.A.3
2015-10-13 23:52:29.707+0000 INFO  [o.n.k.i.DiagnosticsManager]:   ArrayPropertyStore v0.A.3
2015-10-13 23:52:29.707+0000 INFO  [o.n.k.i.DiagnosticsManager]:   RelationshipGroupStore v0.A.3
2015-10-13 23:52:29.707+0000 INFO  [o.n.k.i.DiagnosticsManager]: --- STARTED diagnostics for NEO_STORE_VERSIONS END ---
2015-10-13 23:52:29.707+0000 INFO  [o.n.k.i.DiagnosticsManager]: --- STARTED diagnostics for NEO_STORE_ID_USAGE START ---
2015-10-13 23:52:29.707+0000 INFO  [o.n.k.i.DiagnosticsManager]: Id usage:
2015-10-13 23:52:29.707+0000 INFO  [o.n.k.i.DiagnosticsManager]: Id usage:
2015-10-13 23:52:29.707+0000 INFO  [o.n.k.i.DiagnosticsManager]:   SchemaStore: used=1 high=0
2015-10-13 23:52:29.707+0000 INFO  [o.n.k.i.DiagnosticsManager]:   NodeStore: used=0 high=-1
2015-10-13 23:52:29.707+0000 INFO  [o.n.k.i.DiagnosticsManager]:   RelationshipStore: used=0 high=-1
2015-10-13 23:52:29.707+0000 INFO  [o.n.k.i.DiagnosticsManager]:   RelationshipTypeStore: used=0 high=-1
2015-10-13 23:52:29.707+0000 INFO  [o.n.k.i.DiagnosticsManager]:   LabelTokenStore: used=0 high=-1
2015-10-13 23:52:29.707+0000 INFO  [o.n.k.i.DiagnosticsManager]:   PropertyStore: used=0 high=-1
2015-10-13 23:52:29.707+0000 INFO  [o.n.k.i.DiagnosticsManager]:   PropertyIndexStore: used=0 high=-1
2015-10-13 23:52:29.708+0000 INFO  [o.n.k.i.DiagnosticsManager]:   StringPropertyStore: used=1 high=0
2015-10-13 23:52:29.708+0000 INFO  [o.n.k.i.DiagnosticsManager]:   ArrayPropertyStore: used=1 high=0
2015-10-13 23:52:29.708+0000 INFO  [o.n.k.i.DiagnosticsManager]:   RelationshipGroupStore: used=1 high=0
2015-10-13 23:52:29.708+0000 INFO  [o.n.k.i.DiagnosticsManager]: --- STARTED diagnostics for NEO_STORE_ID_USAGE END ---
2015-10-13 23:52:29.708+0000 INFO  [o.n.k.i.DiagnosticsManager]: --- STARTED diagnostics for PERSISTENCE_WINDOW_POOL_STATS START ---
2015-10-13 23:52:29.708+0000 INFO  [o.n.k.i.DiagnosticsManager]: --- STARTED diagnostics for PERSISTENCE_WINDOW_POOL_STATS END ---
2015-10-13 23:52:29.708+0000 INFO  [o.n.k.i.DiagnosticsManager]: --- STARTED diagnostics for KernelDiagnostics:StoreFiles START ---
2015-10-13 23:52:29.708+0000 INFO  [o.n.k.i.DiagnosticsManager]: Disk space on partition (Total / Free / Free %): 61792669696 / 45179269120 / 73
Storage files: (filename : modification date - size)
2015-10-13 23:52:29.795+0000 INFO  [o.n.k.i.DiagnosticsManager]:   active_tx_log: 2015-10-13T20:52:29-0300 - 11,00 B
2015-10-13 23:52:29.795+0000 INFO  [o.n.k.i.DiagnosticsManager]:   index:
2015-10-13 23:52:29.795+0000 INFO  [o.n.k.i.DiagnosticsManager]:     lucene-store.db: 2015-10-13T20:52:29-0300 - 40,00 B
2015-10-13 23:52:29.795+0000 INFO  [o.n.k.i.DiagnosticsManager]:     lucene.log.1: 2015-10-13T20:52:29-0300 - 16,00 B
2015-10-13 23:52:29.795+0000 INFO  [o.n.k.i.DiagnosticsManager]:     lucene.log.active: 2015-10-13T20:52:29-0300 - 4,00 B
2015-10-13 23:52:29.796+0000 INFO  [o.n.k.i.DiagnosticsManager]:   - Total: 2015-10-13T20:52:29-0300 - 60,00 B
2015-10-13 23:52:29.796+0000 INFO  [o.n.k.i.DiagnosticsManager]:   lock: 2015-10-13T20:52:29-0300 - 0,00 B
2015-10-13 23:52:29.796+0000 INFO  [o.n.k.i.DiagnosticsManager]:   messages.log: 2015-10-13T20:52:29-0300 - 43,34 kB
2015-10-13 23:52:29.796+0000 INFO  [o.n.k.i.DiagnosticsManager]:   neostore: 2015-10-13T20:52:29-0300 - 81,00 B
2015-10-13 23:52:29.797+0000 INFO  [o.n.k.i.DiagnosticsManager]:   neostore.id: 2015-10-13T20:52:29-0300 - 9,00 B
2015-10-13 23:52:29.797+0000 INFO  [o.n.k.i.DiagnosticsManager]:   neostore.labeltokenstore.db: 2015-10-13T20:52:29-0300 - 0,00 B
2015-10-13 23:52:29.797+0000 INFO  [o.n.k.i.DiagnosticsManager]:   neostore.labeltokenstore.db.id: 2015-10-13T20:52:29-0300 - 9,00 B
2015-10-13 23:52:29.797+0000 INFO  [o.n.k.i.DiagnosticsManager]:   neostore.labeltokenstore.db.names: 2015-10-13T20:52:29-0300 - 38,00 B
2015-10-13 23:52:29.797+0000 INFO  [o.n.k.i.DiagnosticsManager]:   neostore.labeltokenstore.db.names.id: 2015-10-13T20:52:29-0300 - 9,00 B
2015-10-13 23:52:29.797+0000 INFO  [o.n.k.i.DiagnosticsManager]:   neostore.nodestore.db: 2015-10-13T20:52:29-0300 - 0,00 B
2015-10-13 23:52:29.798+0000 INFO  [o.n.k.i.DiagnosticsManager]:   neostore.nodestore.db.id: 2015-10-13T20:52:29-0300 - 9,00 B
2015-10-13 23:52:29.798+0000 INFO  [o.n.k.i.DiagnosticsManager]:   neostore.nodestore.db.labels: 2015-10-13T20:52:29-0300 - 68,00 B
2015-10-13 23:52:29.798+0000 INFO  [o.n.k.i.DiagnosticsManager]:   neostore.nodestore.db.labels.id: 2015-10-13T20:52:29-0300 - 9,00 B
2015-10-13 23:52:29.799+0000 INFO  [o.n.k.i.DiagnosticsManager]:   neostore.propertystore.db: 2015-10-13T20:52:29-0300 - 0,00 B
2015-10-13 23:52:29.799+0000 INFO  [o.n.k.i.DiagnosticsManager]:   neostore.propertystore.db.arrays: 2015-10-13T20:52:29-0300 - 128,00 B
2015-10-13 23:52:29.799+0000 INFO  [o.n.k.i.DiagnosticsManager]:   neostore.propertystore.db.arrays.id: 2015-10-13T20:52:29-0300 - 9,00 B
2015-10-13 23:52:29.799+0000 INFO  [o.n.k.i.DiagnosticsManager]:   neostore.propertystore.db.id: 2015-10-13T20:52:29-0300 - 9,00 B
2015-10-13 23:52:29.800+0000 INFO  [o.n.k.i.DiagnosticsManager]:   neostore.propertystore.db.index: 2015-10-13T20:52:29-0300 - 0,00 B
2015-10-13 23:52:29.800+0000 INFO  [o.n.k.i.DiagnosticsManager]:   neostore.propertystore.db.index.id: 2015-10-13T20:52:29-0300 - 9,00 B
2015-10-13 23:52:29.800+0000 INFO  [o.n.k.i.DiagnosticsManager]:   neostore.propertystore.db.index.keys: 2015-10-13T20:52:29-0300 - 38,00 B
2015-10-13 23:52:29.800+0000 INFO  [o.n.k.i.DiagnosticsManager]:   neostore.propertystore.db.index.keys.id: 2015-10-13T20:52:29-0300 - 9,00 B
2015-10-13 23:52:29.800+0000 INFO  [o.n.k.i.DiagnosticsManager]:   neostore.propertystore.db.strings: 2015-10-13T20:52:29-0300 - 128,00 B
2015-10-13 23:52:29.800+0000 INFO  [o.n.k.i.DiagnosticsManager]:   neostore.propertystore.db.strings.id: 2015-10-13T20:52:29-0300 - 9,00 B
2015-10-13 23:52:29.801+0000 INFO  [o.n.k.i.DiagnosticsManager]:   neostore.relationshipgroupstore.db: 2015-10-13T20:52:29-0300 - 25,00 B
2015-10-13 23:52:29.801+0000 INFO  [o.n.k.i.DiagnosticsManager]:   neostore.relationshipgroupstore.db.id: 2015-10-13T20:52:29-0300 - 9,00 B
2015-10-13 23:52:29.801+0000 INFO  [o.n.k.i.DiagnosticsManager]:   neostore.relationshipstore.db: 2015-10-13T20:52:29-0300 - 0,00 B
2015-10-13 23:52:29.801+0000 INFO  [o.n.k.i.DiagnosticsManager]:   neostore.relationshipstore.db.id: 2015-10-13T20:52:29-0300 - 9,00 B
2015-10-13 23:52:29.801+0000 INFO  [o.n.k.i.DiagnosticsManager]:   neostore.relationshiptypestore.db: 2015-10-13T20:52:29-0300 - 0,00 B
2015-10-13 23:52:29.802+0000 INFO  [o.n.k.i.DiagnosticsManager]:   neostore.relationshiptypestore.db.id: 2015-10-13T20:52:29-0300 - 9,00 B
2015-10-13 23:52:29.802+0000 INFO  [o.n.k.i.DiagnosticsManager]:   neostore.relationshiptypestore.db.names: 2015-10-13T20:52:29-0300 - 38,00 B
2015-10-13 23:52:29.802+0000 INFO  [o.n.k.i.DiagnosticsManager]:   neostore.relationshiptypestore.db.names.id: 2015-10-13T20:52:29-0300 - 9,00 B
2015-10-13 23:52:29.802+0000 INFO  [o.n.k.i.DiagnosticsManager]:   neostore.schemastore.db: 2015-10-13T20:52:29-0300 - 64,00 B
2015-10-13 23:52:29.802+0000 INFO  [o.n.k.i.DiagnosticsManager]:   neostore.schemastore.db.id: 2015-10-13T20:52:29-0300 - 9,00 B
2015-10-13 23:52:29.802+0000 INFO  [o.n.k.i.DiagnosticsManager]:   nioneo_logical.log.1: 2015-10-13T20:52:29-0300 - 16,00 B
2015-10-13 23:52:29.803+0000 INFO  [o.n.k.i.DiagnosticsManager]:   nioneo_logical.log.active: 2015-10-13T20:52:29-0300 - 4,00 B
2015-10-13 23:52:29.803+0000 INFO  [o.n.k.i.DiagnosticsManager]:   schema:
2015-10-13 23:52:29.803+0000 INFO  [o.n.k.i.DiagnosticsManager]:     label:
2015-10-13 23:52:29.803+0000 INFO  [o.n.k.i.DiagnosticsManager]:       lucene:
2015-10-13 23:52:29.803+0000 INFO  [o.n.k.i.DiagnosticsManager]:         write.lock: 2015-10-13T20:52:29-0300 - 0,00 B
2015-10-13 23:52:29.803+0000 INFO  [o.n.k.i.DiagnosticsManager]:       - Total: 2015-10-13T20:52:29-0300 - 0,00 B
2015-10-13 23:52:29.804+0000 INFO  [o.n.k.i.DiagnosticsManager]:     - Total: 2015-10-13T20:52:29-0300 - 0,00 B
2015-10-13 23:52:29.804+0000 INFO  [o.n.k.i.DiagnosticsManager]:   - Total: 2015-10-13T20:52:29-0300 - 0,00 B
2015-10-13 23:52:29.804+0000 INFO  [o.n.k.i.DiagnosticsManager]:   store_lock: 2015-10-13T20:52:29-0300 - 0,00 B
2015-10-13 23:52:29.804+0000 INFO  [o.n.k.i.DiagnosticsManager]:   tm_tx_log.1: 2015-10-13T20:52:29-0300 - 0,00 B
2015-10-13 23:52:29.804+0000 INFO  [o.n.k.i.DiagnosticsManager]: --- STARTED diagnostics for KernelDiagnostics:StoreFiles END ---
2015-10-13 23:52:29.852+0000 INFO  [o.n.k.EmbeddedGraphDatabase]: Database is now ready
2015-10-13 23:52:32.752+0000 INFO  [o.n.k.EmbeddedGraphDatabase]: Shutdown started
2015-10-13 23:52:32.752+0000 INFO  [o.n.k.EmbeddedGraphDatabase]: Database is now unavailable
2015-10-13 23:52:32.758+0000 INFO  [o.n.k.i.t.x.XaLogicalLog]: Closed log accessingdataneo4j.db/index/lucene.log
2015-10-13 23:52:32.760+0000 INFO  [o.n.k.i.t.TxManager]: TM shutting down
2015-10-13 23:52:32.801+0000 INFO  [o.n.k.i.t.x.XaLogicalLog]: Closed log accessingdataneo4j.db/nioneo_logical.log
2015-10-13 23:52:32.804+0000 INFO  [o.n.k.i.n.s.StoreFactory]: accessingdataneo4j.db/neostore.relationshiptypestore.db.names hit=0 miss=1 switches=0 ooe=0
2015-10-13 23:52:32.807+0000 INFO  [o.n.k.i.n.s.StoreFactory]: accessingdataneo4j.db/neostore.relationshiptypestore.db hit=0 miss=1 switches=0 ooe=0
2015-10-13 23:52:32.810+0000 INFO  [o.n.k.i.n.s.StoreFactory]: accessingdataneo4j.db/neostore.labeltokenstore.db.names hit=0 miss=2 switches=0 ooe=0
2015-10-13 23:52:32.813+0000 INFO  [o.n.k.i.n.s.StoreFactory]: accessingdataneo4j.db/neostore.labeltokenstore.db hit=0 miss=2 switches=0 ooe=0
2015-10-13 23:52:32.816+0000 INFO  [o.n.k.i.n.s.StoreFactory]: accessingdataneo4j.db/neostore.propertystore.db.strings hit=0 miss=0 switches=0 ooe=0
2015-10-13 23:52:32.820+0000 INFO  [o.n.k.i.n.s.StoreFactory]: accessingdataneo4j.db/neostore.propertystore.db.index.keys hit=0 miss=1 switches=0 ooe=0
2015-10-13 23:52:32.823+0000 INFO  [o.n.k.i.n.s.StoreFactory]: accessingdataneo4j.db/neostore.propertystore.db.index hit=0 miss=1 switches=0 ooe=0
2015-10-13 23:52:32.826+0000 INFO  [o.n.k.i.n.s.StoreFactory]: accessingdataneo4j.db/neostore.propertystore.db.arrays hit=0 miss=0 switches=0 ooe=0
2015-10-13 23:52:32.832+0000 INFO  [o.n.k.i.n.s.StoreFactory]: accessingdataneo4j.db/neostore.propertystore.db hit=3 miss=0 switches=0 ooe=0
2015-10-13 23:52:32.838+0000 INFO  [o.n.k.i.n.s.StoreFactory]: accessingdataneo4j.db/neostore.relationshipstore.db hit=3 miss=0 switches=0 ooe=0
2015-10-13 23:52:32.841+0000 INFO  [o.n.k.i.n.s.StoreFactory]: accessingdataneo4j.db/neostore.nodestore.db.labels hit=0 miss=0 switches=0 ooe=0
2015-10-13 23:52:32.845+0000 INFO  [o.n.k.i.n.s.StoreFactory]: accessingdataneo4j.db/neostore.nodestore.db hit=3 miss=0 switches=0 ooe=0
2015-10-13 23:52:32.851+0000 INFO  [o.n.k.i.n.s.StoreFactory]: accessingdataneo4j.db/neostore.schemastore.db hit=0 miss=0 switches=0 ooe=0
2015-10-13 23:52:32.854+0000 INFO  [o.n.k.i.n.s.StoreFactory]: accessingdataneo4j.db/neostore.relationshipgroupstore.db hit=0 miss=0 switches=0 ooe=0
2015-10-13 23:52:32.857+0000 INFO  [o.n.k.i.n.s.StoreFactory]: accessingdataneo4j.db/neostore hit=0 miss=26 switches=0 ooe=0
2015-10-13 23:52:32.860+0000 INFO  [o.n.k.i.n.x.NeoStoreXaDataSource]: NeoStore closed
2015-10-13 23:52:32.861+0000 INFO  [o.n.k.i.DiagnosticsManager]: --- STOPPING diagnostics START ---
2015-10-13 23:52:32.861+0000 INFO  [o.n.k.i.DiagnosticsManager]: --- STOPPING diagnostics END ---
