2015-10-14 00:15:59.435+0000 INFO  [org.neo4j]: You are using an unsupported version of the Java runtime. Please use Oracle(R) Java(TM) Runtime Environment 7.
2015-10-14 00:15:59.435+0000 INFO  [org.neo4j]: --- INITIALIZED diagnostics START ---
2015-10-14 00:15:59.435+0000 INFO  [org.neo4j]: Neo4j Kernel properties:
    neostore.propertystore.db.strings.mapped_memory=542M
    neostore.nodestore.db.mapped_memory=177M
    store_dir=/home/joao/UFRNWorkspace/gs-accessing-data-neo4j-initial/accessingdataneo4j.db/schema
    neostore.propertystore.db.arrays.mapped_memory=615M
    allow_store_upgrade=true
    neostore.propertystore.db.mapped_memory=638M
    neostore.relationshipstore.db.mapped_memory=782M
2015-10-14 00:15:59.435+0000 INFO  [org.neo4j]: Diagnostics providers:
    org.neo4j.kernel.configuration.Config
    org.neo4j.kernel.info.DiagnosticsManager
    SYSTEM_MEMORY
    JAVA_MEMORY
    OPERATING_SYSTEM
    JAVA_VIRTUAL_MACHINE
    CLASSPATH
    LIBRARY_PATH
    SYSTEM_PROPERTIES
    LINUX_SCHEDULERS
    NETWORK
2015-10-14 00:15:59.435+0000 INFO  [org.neo4j]: System memory information:
    Total Physical memory: 7,70 GB
    Free Physical memory: 801,25 MB
    Committed virtual memory: 5,60 GB
    Total swap space: 3,85 GB
    Free swap space: 3,85 GB
2015-10-14 00:15:59.437+0000 INFO  [org.neo4j]: JVM memory information:
    Free  memory: 157,86 MB
    Total memory: 192,00 MB
    Max   memory: 1,71 GB
    Garbage Collector: PS Scavenge: [PS Eden Space, PS Survivor Space]
    Garbage Collector: PS MarkSweep: [PS Eden Space, PS Survivor Space, PS Old Gen]
    Memory Pool: Code Cache (Non-heap memory): committed=11,50 MB, used=11,37 MB, max=240,00 MB, threshold=0,00 B
    Memory Pool: Metaspace (Non-heap memory): committed=43,92 MB, used=41,98 MB, max=-1,00 B, threshold=0,00 B
    Memory Pool: Compressed Class Space (Non-heap memory): committed=6,67 MB, used=6,19 MB, max=1,00 GB, threshold=0,00 B
    Memory Pool: PS Eden Space (Heap memory): committed=103,00 MB, used=23,50 MB, max=631,00 MB, threshold=?
    Memory Pool: PS Survivor Space (Heap memory): committed=13,50 MB, used=933,16 kB, max=13,50 MB, threshold=?
    Memory Pool: PS Old Gen (Heap memory): committed=75,50 MB, used=9,74 MB, max=1,29 GB, threshold=0,00 B
2015-10-14 00:15:59.439+0000 INFO  [org.neo4j]: Operating system information:
    Operating System: Linux; version: 3.19.0-30-generic; arch: amd64; cpus: 4
    Max number of file descriptors: 4096
    Number of open file descriptors: 131
    Process id: 7236@joao
    Byte order: LITTLE_ENDIAN
    Local timezone: America/Recife
2015-10-14 00:15:59.439+0000 INFO  [org.neo4j]: JVM information:
    VM Name: Java HotSpot(TM) 64-Bit Server VM
    VM Vendor: Oracle Corporation
    VM Version: 25.60-b23
    JIT compiler: HotSpot 64-Bit Tiered Compilers
    VM Arguments: []
2015-10-14 00:15:59.439+0000 INFO  [org.neo4j]: Java classpath:
     [bootstrap] /usr/lib/jvm/java-8-oracle/jre/lib/charsets.jar
     [bootstrap] /usr/lib/jvm/java-8-oracle/jre/lib/resources.jar
     [bootstrap] /usr/lib/jvm/java-8-oracle/jre/lib/jsse.jar
     [bootstrap] /usr/lib/jvm/java-8-oracle/jre/classes
     [bootstrap] /usr/lib/jvm/java-8-oracle/jre/lib/jce.jar
     [bootstrap] /usr/lib/jvm/java-8-oracle/jre/lib/jfr.jar
     [bootstrap] /usr/lib/jvm/java-8-oracle/jre/lib/sunrsasign.jar
     [classpath] /home/joao/neoclipse-1.9.5/plugins/org.eclipse.equinox.launcher_1.2.0.v20110502.jar
     [bootstrap] /usr/lib/jvm/java-8-oracle/jre/lib/rt.jar
2015-10-14 00:15:59.439+0000 INFO  [org.neo4j]: Library path:
    /usr/java/packages/lib/amd64
    /usr/lib64
    /lib64
    /lib
    /usr/lib
2015-10-14 00:15:59.439+0000 INFO  [org.neo4j]: System.properties:
    osgi.bundles.defaultStartLevel = 4
    sun.java.launcher = SUN_STANDARD
    org.osgi.supports.framework.extension = true
    sun.management.compiler = HotSpot 64-Bit Tiered Compilers
    eclipse.p2.profile = DefaultProfile
    osgi.ws = gtk
    sun.desktop = gnome
    osgi.instance.area = file:/home/joao/neoclipse-1.9.5/neoclipse-workspace/
    org.osgi.framework.uuid = 80adf14c-0872-0015-1784-b2d8ea33023c
    user.name = joao
    osgi.framework.extensions = 
    org.osgi.framework.system.packages = javax.accessibility,javax.activation,javax.activity,javax.annotation,javax.annotation.processing,javax.crypto,javax.crypto.interfaces,javax.crypto.spec,javax.imageio,javax.imageio.event,javax.imageio.metadata,javax.imageio.plugins.bmp,javax.imageio.plugins.jpeg,javax.imageio.spi,javax.imageio.stream,javax.jws,javax.jws.soap,javax.lang.model,javax.lang.model.element,javax.lang.model.type,javax.lang.model.util,javax.management,javax.management.event,javax.management.loading,javax.management.modelmbean,javax.management.monitor,javax.management.namespace,javax.management.openmbean,javax.management.relation,javax.management.remote,javax.management.remote.rmi,javax.management.timer,javax.naming,javax.naming.directory,javax.naming.event,javax.naming.ldap,javax.naming.spi,javax.net,javax.net.ssl,javax.print,javax.print.attribute,javax.print.attribute.standard,javax.print.event,javax.rmi,javax.rmi.CORBA,javax.rmi.ssl,javax.script,javax.security.auth,javax.security.auth.callback,javax.security.auth.kerberos,javax.security.auth.login,javax.security.auth.spi,javax.security.auth.x500,javax.security.cert,javax.security.sasl,javax.sound.midi,javax.sound.midi.spi,javax.sound.sampled,javax.sound.sampled.spi,javax.sql,javax.sql.rowset,javax.sql.rowset.serial,javax.sql.rowset.spi,javax.swing,javax.swing.border,javax.swing.colorchooser,javax.swing.event,javax.swing.filechooser,javax.swing.plaf,javax.swing.plaf.basic,javax.swing.plaf.metal,javax.swing.plaf.multi,javax.swing.plaf.nimbus,javax.swing.plaf.synth,javax.swing.table,javax.swing.text,javax.swing.text.html,javax.swing.text.html.parser,javax.swing.text.rtf,javax.swing.tree,javax.swing.undo,javax.tools,javax.transaction,javax.transaction.xa,javax.xml,javax.xml.bind,javax.xml.bind.annotation,javax.xml.bind.annotation.adapters,javax.xml.bind.attachment,javax.xml.bind.helpers,javax.xml.bind.util,javax.xml.crypto,javax.xml.crypto.dom,javax.xml.crypto.dsig,javax.xml.crypto.dsig.dom,javax.xml.crypto.dsig.keyinfo,javax.xml.crypto.dsig.spec,javax.xml.datatype,javax.xml.namespace,javax.xml.parsers,javax.xml.soap,javax.xml.stream,javax.xml.stream.events,javax.xml.stream.util,javax.xml.transform,javax.xml.transform.dom,javax.xml.transform.sax,javax.xml.transform.stax,javax.xml.transform.stream,javax.xml.validation,javax.xml.ws,javax.xml.ws.handler,javax.xml.ws.handler.soap,javax.xml.ws.http,javax.xml.ws.soap,javax.xml.ws.spi,javax.xml.ws.spi.http,javax.xml.ws.wsaddressing,javax.xml.xpath,org.ietf.jgss,org.omg.CORBA,org.omg.CORBA_2_3,org.omg.CORBA_2_3.portable,org.omg.CORBA.DynAnyPackage,org.omg.CORBA.ORBPackage,org.omg.CORBA.portable,org.omg.CORBA.TypeCodePackage,org.omg.CosNaming,org.omg.CosNaming.NamingContextExtPackage,org.omg.CosNaming.NamingContextPackage,org.omg.Dynamic,org.omg.DynamicAny,org.omg.DynamicAny.DynAnyFactoryPackage,org.omg.DynamicAny.DynAnyPackage,org.omg.IOP,org.omg.IOP.CodecFactoryPackage,org.omg.IOP.CodecPackage,org.omg.Messaging,org.omg.PortableInterceptor,org.omg.PortableInterceptor.ORBInitInfoPackage,org.omg.PortableServer,org.omg.PortableServer.CurrentPackage,org.omg.PortableServer.POAManagerPackage,org.omg.PortableServer.POAPackage,org.omg.PortableServer.portable,org.omg.PortableServer.ServantLocatorPackage,org.omg.SendingContext,org.omg.stub.java.rmi,org.w3c.dom,org.w3c.dom.bootstrap,org.w3c.dom.css,org.w3c.dom.events,org.w3c.dom.html,org.w3c.dom.ls,org.w3c.dom.ranges,org.w3c.dom.stylesheets,org.w3c.dom.traversal,org.w3c.dom.views,org.w3c.dom.xpath,org.xml.sax,org.xml.sax.ext,org.xml.sax.helpers
    eclipse.launcher = /home/joao/neoclipse-1.9.5/neoclipse
    eclipse.launcher.name = Neoclipse
    org.osgi.framework.language = pt
    user.language = pt
    org.osgi.framework.processor = x86-64
    osgi.syspath = /home/joao/neoclipse-1.9.5/plugins
    sun.boot.library.path = /usr/lib/jvm/java-8-oracle/jre/lib/amd64
    org.osgi.framework.system.capabilities = osgi.ee; osgi.ee="OSGi/Minimum"; version:List<Version>="1.0, 1.1, 1.2",osgi.ee; osgi.ee="JavaSE"; version:List<Version>="1.0, 1.1, 1.2, 1.3, 1.4, 1.5, 1.6, 1.7"
    osgi.manifest.cache = /home/joao/neoclipse-1.9.5/configuration/org.eclipse.osgi/manifests
    org.osgi.framework.os.name = Linux
    user.timezone = America/Recife
    sun.arch.data.model = 64
    osgi.bundles = reference:file:ch.qos.logback.classic_1.0.7.v20121108-1250.jar@4,reference:file:ch.qos.logback.core_1.0.7.v20121108-1250.jar@4,reference:file:ch.qos.logback.slf4j_0.9.27.v20110224-1110.jar@4,reference:file:com.google.gson_2.1.0.v201303041604.jar@4,reference:file:com.ibm.icu_4.4.2.v20110823.jar@4,reference:file:javax.activation_1.1.0.v201108011116.jar@4,reference:file:javax.servlet_2.5.0.v201103041518.jar@4,reference:file:javax.servlet.jsp_2.0.0.v201101211617.jar@4,reference:file:javax.xml_1.3.4.v201005080400.jar@4,reference:file:org.apache.ant_1.8.2.v20120109-1030/@4,reference:file:org.apache.commons.codec_1.3.0.v201101211617.jar@4,reference:file:org.apache.commons.el_1.0.0.v201101211617.jar@4,reference:file:org.apache.commons.jxpath_1.3.0.v200911051830.jar@4,reference:file:org.apache.commons.logging_1.0.4.v201101211617.jar@4,reference:file:org.apache.jasper_5.5.17.v201101211617.jar@4,reference:file:org.apache.log4j_1.2.15.v201012070815.jar@4,reference:file:org.apache.lucene_2.9.1.v201101211721.jar@4,reference:file:org.apache.lucene.analysis_2.9.1.v201101211721.jar@4,reference:file:org.apache.lucene.core_2.9.1.v201101211721.jar@4,reference:file:org.apache.lucene.highlighter_2.9.1.v20100421-0704.jar@4,reference:file:org.apache.lucene.memory_2.9.1.v20100421-0704.jar@4,reference:file:org.apache.lucene.misc_2.9.1.v20100421-0704.jar@4,reference:file:org.apache.lucene.queries_2.9.1.v20100421-0704.jar@4,reference:file:org.apache.lucene.snowball_2.9.1.v20100421-0704.jar@4,reference:file:org.apache.lucene.spellchecker_2.9.1.v20100421-0704.jar@4,reference:file:org.apache.xerces_2.9.0.v201101211617.jar@4,reference:file:org.apache.xml.resolver_1.2.0.v201005080400.jar@4,reference:file:org.apache.xml.serializer_2.7.1.v201005080400.jar@4,reference:file:org.eclipse.ant.core_3.2.302.v20120110-1739.jar@4,reference:file:org.eclipse.compare_3.5.202.R37x_v20111109-0800.jar@4,reference:file:org.eclipse.compare.core_3.5.200.I20110208-0800.jar@4,reference:file:org.eclipse.core.commands_3.6.0.I20110111-0800.jar@4,reference:file:org.eclipse.core.contenttype_3.4.100.v20110423-0524.jar@4,reference:file:org.eclipse.core.databinding_1.4.0.I20110111-0800.jar@4,reference:file:org.eclipse.core.databinding.observable_1.4.0.I20110222-0800.jar@4,reference:file:org.eclipse.core.databinding.property_1.4.0.I20110222-0800.jar@4,reference:file:org.eclipse.core.expressions_3.4.300.v20110228.jar@4,reference:file:org.eclipse.core.filebuffers_3.5.200.v20110928-1504.jar@4,reference:file:org.eclipse.core.filesystem_1.3.100.v20110423-0524.jar@4,reference:file:org.eclipse.core.filesystem.linux.x86_64_1.2.0.v20110423-0524.jar@4,reference:file:org.eclipse.core.jobs_3.5.101.v20120113-1953.jar@4,reference:file:org.eclipse.core.net_1.2.100.I20110511-0800.jar@4,reference:file:org.eclipse.core.net.linux.x86_64_1.1.0.I20110331-0827.jar@4,reference:file:org.eclipse.core.resources_3.7.101.v20120125-1505.jar@4,reference:file:org.eclipse.core.runtime_3.7.0.v20110110.jar@4:start,reference:file:org.eclipse.core.runtime.compatibility_3.2.100.v20100505.jar@4,reference:file:org.eclipse.core.runtime.compatibility.auth_3.2.200.v20110110.jar@4,reference:file:org.eclipse.core.runtime.compatibility.registry_3.5.0.v20110505/@4,reference:file:org.eclipse.core.variables_3.2.500.v20110928-1503.jar@4,reference:file:org.eclipse.draw2d_3.7.2.v20111017-2020.jar@4,reference:file:org.eclipse.emf.common_2.7.0.v20120127-1122.jar@4,reference:file:org.eclipse.emf.ecore_2.7.0.v20120127-1122.jar@4,reference:file:org.eclipse.emf.ecore.change_2.7.1.v20120127-1122.jar@4,reference:file:org.eclipse.emf.ecore.edit_2.7.1.v20120130-0943.jar@4,reference:file:org.eclipse.emf.ecore.xmi_2.7.0.v20120127-1122.jar@4,reference:file:org.eclipse.emf.edit_2.7.2.v20120130-0943.jar@4,reference:file:org.eclipse.equinox.app_1.3.100.v20110321.jar@4,reference:file:org.eclipse.equinox.common_3.6.0.v20110523.jar@4,reference:file:org.eclipse.equinox.http.jetty_2.0.100.v20110502.jar@4,reference:file:org.eclipse.equinox.http.registry_1.1.100.v20110502.jar@4,reference:file:org.eclipse.equinox.http.servlet_1.1.200.v20110502.jar@4,reference:file:org.eclipse.equinox.jsp.jasper_1.0.300.v20110502.jar@4,reference:file:org.eclipse.equinox.jsp.jasper.registry_1.0.200.v20100503.jar@4,reference:file:org.eclipse.equinox.launcher_1.2.0.v20110502.jar@4,reference:file:org.eclipse.equinox.launcher.gtk.linux.x86_64_1.1.100.v20110505/@4,reference:file:org.eclipse.equinox.p2.core_2.1.1.v20120113-1346.jar@4,reference:file:org.eclipse.equinox.p2.engine_2.1.1.R37x_v20111003.jar@4,reference:file:org.eclipse.equinox.p2.metadata_2.1.0.v20110815-1419.jar@4,reference:file:org.eclipse.equinox.p2.metadata.repository_1.2.0.v20110815-1419.jar@4,reference:file:org.eclipse.equinox.p2.repository_2.1.1.v20120113-1346.jar@4,reference:file:org.eclipse.equinox.preferences_3.4.2.v20120111-2020.jar@4,reference:file:org.eclipse.equinox.registry_3.5.101.R37x_v20110810-1611.jar@4,reference:file:org.eclipse.equinox.security_1.1.1.R37x_v20110822-1018.jar@4,reference:file:org.eclipse.gef_3.7.2.v20111106-2020.jar@4,reference:file:org.eclipse.help_3.5.100.v20110426.jar@4,reference:file:org.eclipse.help.appserver_3.1.400.v20110425.jar@4,reference:file:org.eclipse.help.base_3.6.2.v201202080800.jar@4,reference:file:org.eclipse.help.ui_3.5.101.r37_20110819.jar@4,reference:file:org.eclipse.help.webapp_3.6.1.r37_20110929.jar@4,reference:file:org.eclipse.jem.util_2.1.100.v201103021400.jar@4,reference:file:org.eclipse.jface_3.7.0.v20110928-1505.jar@4,reference:file:org.eclipse.jface.databinding_1.5.0.I20100907-0800.jar@4,reference:file:org.eclipse.jface.text_3.7.2.v20111213-1208.jar@4,reference:file:org.eclipse.ltk.core.refactoring_3.5.201.r372_v20111101-0700.jar@4,reference:file:org.eclipse.ltk.ui.refactoring_3.6.0.v20110928-1453.jar@4,reference:file:org.eclipse.osgi.services_3.3.0.v20110513.jar@4,reference:file:org.eclipse.osgi.util_3.2.200.v20110110.jar@4,reference:file:org.eclipse.platform_3.7.2.v201202080800/@4,reference:file:org.eclipse.search_3.7.0.v20110928-1504.jar@4,reference:file:org.eclipse.swt_3.7.2.v3740f.jar@4,reference:file:org.eclipse.swt.gtk.linux.x86_64_3.7.2.v3740f.jar@4,reference:file:org.eclipse.team.core_3.6.0.I20110525-0800.jar@4,reference:file:org.eclipse.team.ui_3.6.101.R37x_v20111109-0800.jar@4,reference:file:org.eclipse.text_3.5.101.v20110928-1504.jar@4,reference:file:org.eclipse.ui_3.7.0.v20110928-1505.jar@4,reference:file:org.eclipse.ui.cheatsheets_3.4.100.v20110425.jar@4,reference:file:org.eclipse.ui.console_3.5.100.v20111007_r372.jar@4,reference:file:org.eclipse.ui.editors_3.7.0.v20110928-1504.jar@4,reference:file:org.eclipse.ui.forms_3.5.101.v20111011-1919.jar@4,reference:file:org.eclipse.ui.ide_3.7.0.v20110928-1505.jar@4,reference:file:org.eclipse.ui.ide.application_1.0.300.I20110306-2000.jar@4,reference:file:org.eclipse.ui.intro_3.4.100.v20110425.jar@4,reference:file:org.eclipse.ui.intro.universal_3.2.500.v20110510/@4,reference:file:org.eclipse.ui.navigator_3.5.101.v20120106-1355.jar@4,reference:file:org.eclipse.ui.navigator.resources_3.4.300.v20110928-1505.jar@4,reference:file:org.eclipse.ui.views_3.6.0.v20110928-1505.jar@4,reference:file:org.eclipse.ui.views.properties.tabbed_3.5.200.v20110928-1505.jar@4,reference:file:org.eclipse.ui.workbench_3.7.1.v20120104-1859.jar@4,reference:file:org.eclipse.ui.workbench.texteditor_3.7.0.v20110928-1504.jar@4,reference:file:org.eclipse.update.configurator_3.3.100.v20100512.jar@4,reference:file:org.eclipse.update.core_3.2.500.v20110330.jar@4,reference:file:org.eclipse.update.ui_3.2.300.v20100512.jar@4,reference:file:org.eclipse.wst.common.core_1.2.0.v200908252030.jar@4,reference:file:org.eclipse.wst.common.emf_1.2.100.v201101101900.jar@4,reference:file:org.eclipse.wst.common.emfworkbench.integration_1.2.101.v201107140600.jar@4,reference:file:org.eclipse.wst.common.environment_1.0.400.v200912181832.jar@4,reference:file:org.eclipse.wst.common.frameworks_1.2.102.v201201190400.jar@4,reference:file:org.eclipse.wst.common.project.facet.core_1.4.201.v201201101553.jar@4,reference:file:org.eclipse.wst.common.uriresolver_1.1.401.v201004280700.jar@4,reference:file:org.eclipse.wst.sse.core_1.1.602.v201112071516.jar@4,reference:file:org.eclipse.wst.validation_1.2.303.v201202090300.jar@4,reference:file:org.eclipse.wst.xml.core_1.1.602.v201201091944.jar@4,reference:file:org.eclipse.wst.xsd.core_1.1.600.v201104070312.jar@4,reference:file:org.eclipse.xsd_2.7.1.v20120130-0943.jar@4,reference:file:org.eclipse.zest.core_1.3.0.v20110221-2050.jar@4,reference:file:org.eclipse.zest.layouts_1.1.0.v20110425-2050.jar@4,reference:file:org.hamcrest.core_1.3.0.v201303031735.jar@4,reference:file:org.jdom_1.1.1.v201101151400.jar@4,reference:file:org.junit_4.8.2.v4_8_2_v20110321-1705/@4,reference:file:org.mortbay.jetty.server_6.1.23.v201012071420.jar@4,reference:file:org.mortbay.jetty.util_6.1.23.v201012071420.jar@4,reference:file:org.neo4j.neoclipse_1.9.5.jar@4,reference:file:org.neo4j.neoclipse.dependencies_1.9.5/@4,reference:file:org.neo4j.neoclipse.doc_1.9.5.jar@4,reference:file:org.slf4j.api_1.6.4.v20120130-2120.jar@4,reference:file:org.slf4j.api_1.7.2.v20121108-1250.jar@4,reference:file:org.slf4j.jcl_1.7.2.v20130115-1340.jar@4
    osgi.tracefile = /home/joao/neoclipse-1.9.5/neoclipse-workspace/.metadata/trace.log
    sun.cpu.isalist = 
    sun.jnu.encoding = UTF-8
    eclipse.application = org.neo4j.neoclipse.application
    file.encoding.pkg = sun.io
    org.osgi.framework.vendor = Eclipse
    file.separator = /
    user.country = BR
    org.eclipse.equinox.launcher.splash.location = /home/joao/neoclipse-1.9.5/configuration/org.eclipse.equinox.launcher/org.neo4j.neoclipse_1.9.5/splash.bmp
    osgi.os = linux
    eclipse.commands = -os
linux
-ws
gtk
-arch
x86_64
-showsplash
-launcher
/home/joao/neoclipse-1.9.5/neoclipse
-name
Neoclipse
--launcher.library
/home/joao/neoclipse-1.9.5//plugins/org.eclipse.equinox.launcher.gtk.linux.x86_64_1.1.100.v20110505/eclipse_1407.so
-startup
/home/joao/neoclipse-1.9.5//plugins/org.eclipse.equinox.launcher_1.2.0.v20110502.jar
--launcher.overrideVmargs
-exitdata
990017
-data
@noDefault
-vm
/usr/bin/java

    osgi.splashLocation = /home/joao/neoclipse-1.9.5/configuration/org.eclipse.equinox.launcher/org.neo4j.neoclipse_1.9.5/splash.bmp
    osgi.arch = x86_64
    path.separator = :
    org.osgi.supports.framework.fragment = true
    osgi.framework.shape = jar
    sun.io.unicode.encoding = UnicodeLittle
    org.osgi.framework.version = 1.6.0
    awt.toolkit = sun.awt.X11.XToolkit
    osgi.install.area = file:/home/joao/neoclipse-1.9.5/
    osgi.framework = file:/home/joao/neoclipse-1.9.5/plugins/org.eclipse.osgi_3.7.2.v20120110-1415.jar
    user.home = /home/joao
    osgi.bundlestore = /home/joao/neoclipse-1.9.5/configuration/org.eclipse.osgi/bundles
    osgi.splashPath = platform:/base/plugins/org.neo4j.neoclipse
    osgi.nl = pt_BR
    org.osgi.framework.os.version = 3.19.0
    eclipse.startTime = 1444781567824
    eclipse.p2.data.area = @config.dir/../p2
    sun.java.command = /home/joao/neoclipse-1.9.5//plugins/org.eclipse.equinox.launcher_1.2.0.v20110502.jar -os linux -ws gtk -arch x86_64 -showsplash -launcher /home/joao/neoclipse-1.9.5/neoclipse -name Neoclipse --launcher.library /home/joao/neoclipse-1.9.5//plugins/org.eclipse.equinox.launcher.gtk.linux.x86_64_1.1.100.v20110505/eclipse_1407.so -startup /home/joao/neoclipse-1.9.5//plugins/org.eclipse.equinox.launcher_1.2.0.v20110502.jar --launcher.overrideVmargs -exitdata 990017 -data @noDefault -vm /usr/bin/java -vmargs -jar /home/joao/neoclipse-1.9.5//plugins/org.eclipse.equinox.launcher_1.2.0.v20110502.jar
    org.eclipse.update.reconcile = false
    eclipse.vm = /usr/bin/java
    sun.cpu.endian = little
    sun.os.patch.level = unknown
    eclipse.product = org.neo4j.neoclipse.neoclipseProduct
    eclipse.home.location = file:/home/joao/neoclipse-1.9.5/
    user.dir = /home/joao/neoclipse-1.9.5
    org.osgi.supports.framework.requirebundle = true
    file.encoding = UTF-8
    osgi.framework.version = 3.7.2.v20120110-1415
    eclipse.vmargs = -jar
/home/joao/neoclipse-1.9.5//plugins/org.eclipse.equinox.launcher_1.2.0.v20110502.jar

    org.osgi.framework.executionenvironment = OSGi/Minimum-1.0,OSGi/Minimum-1.1,OSGi/Minimum-1.2,JRE-1.1,J2SE-1.2,J2SE-1.3,J2SE-1.4,J2SE-1.5,JavaSE-1.6,JavaSE-1.7
    osgi.logfile = /home/joao/neoclipse-1.9.5/neoclipse-workspace/.metadata/.log
    osgi.configuration.area = file:/home/joao/neoclipse-1.9.5/configuration/
2015-10-14 00:15:59.440+0000 INFO  [org.neo4j]: Linux scheduler information:
    noop [deadline] cfq 
    noop [deadline] cfq 
    none
    none
    none
    none
    none
    none
    none
    none
    none
    none
    none
    none
    none
    none
    none
    none
    none
    none
    none
    none
    none
    none
    none
    none
    none
    none
    none
    none
2015-10-14 00:15:59.441+0000 INFO  [org.neo4j]: Network information:
    Interface wlan0:
        address: fe80:0:0:0:4a5a:b6ff:fef5:1ef9%wlan0
        address: 2804:1b1:4182:5b78:85f2:de12:3d1:a972%wlan0
        address: 2804:1b1:4182:5b78:0:0:0:100%wlan0
        address: 2804:1b1:4182:5b78:4a5a:b6ff:fef5:1ef9%wlan0
        address: 192.168.1.8
    Interface lo:
        address: 0:0:0:0:0:0:0:1%lo
        address: 127.0.0.1
2015-10-14 00:15:59.442+0000 INFO  [org.neo4j]: --- INITIALIZED diagnostics END ---
2015-10-14 00:15:59.447+0000 INFO  [org.neo4j]: Creating new db @ /home/joao/UFRNWorkspace/gs-accessing-data-neo4j-initial/accessingdataneo4j.db/schema/neostore
2015-10-14 00:15:59.455+0000 INFO  [org.neo4j]: [/home/joao/UFRNWorkspace/gs-accessing-data-neo4j-initial/accessingdataneo4j.db/schema/neostore.nodestore.db] brickCount=0 brickSize=1855971b mappedMem=185597952b (storeSize=0b)
2015-10-14 00:15:59.457+0000 INFO  [org.neo4j]: /home/joao/UFRNWorkspace/gs-accessing-data-neo4j-initial/accessingdataneo4j.db/schema/neostore.nodestore.db hit=1 miss=0 switches=0 ooe=0
2015-10-14 00:15:59.495+0000 INFO  [org.neo4j]: [/home/joao/UFRNWorkspace/gs-accessing-data-neo4j-initial/accessingdataneo4j.db/schema/neostore.relationshiptypestore.db.names] brickCount=0 brickSize=0b mappedMem=0b (storeSize=38b)
2015-10-14 00:15:59.495+0000 INFO  [org.neo4j]: [/home/joao/UFRNWorkspace/gs-accessing-data-neo4j-initial/accessingdataneo4j.db/schema/neostore.relationshiptypestore.db] brickCount=0 brickSize=0b mappedMem=0b (storeSize=0b)
2015-10-14 00:15:59.497+0000 INFO  [org.neo4j]: /home/joao/UFRNWorkspace/gs-accessing-data-neo4j-initial/accessingdataneo4j.db/schema/neostore.relationshiptypestore.db.names hit=0 miss=0 switches=0 ooe=0
2015-10-14 00:15:59.500+0000 INFO  [org.neo4j]: /home/joao/UFRNWorkspace/gs-accessing-data-neo4j-initial/accessingdataneo4j.db/schema/neostore.relationshiptypestore.db hit=0 miss=0 switches=0 ooe=0
2015-10-14 00:15:59.503+0000 INFO  [org.neo4j]: [/home/joao/UFRNWorkspace/gs-accessing-data-neo4j-initial/accessingdataneo4j.db/schema/neostore.relationshiptypestore.db.names] brickCount=0 brickSize=0b mappedMem=0b (storeSize=38b)
2015-10-14 00:15:59.504+0000 INFO  [org.neo4j]: [/home/joao/UFRNWorkspace/gs-accessing-data-neo4j-initial/accessingdataneo4j.db/schema/neostore.relationshiptypestore.db] brickCount=0 brickSize=0b mappedMem=0b (storeSize=0b)
2015-10-14 00:15:59.504+0000 INFO  [org.neo4j]: [/home/joao/UFRNWorkspace/gs-accessing-data-neo4j-initial/accessingdataneo4j.db/schema/neostore.propertystore.db.strings] brickCount=0 brickSize=568320b mappedMem=568328192b (storeSize=128b)
2015-10-14 00:15:59.504+0000 INFO  [org.neo4j]: [/home/joao/UFRNWorkspace/gs-accessing-data-neo4j-initial/accessingdataneo4j.db/schema/neostore.propertystore.db.index.keys] brickCount=0 brickSize=0b mappedMem=0b (storeSize=38b)
2015-10-14 00:15:59.504+0000 INFO  [org.neo4j]: [/home/joao/UFRNWorkspace/gs-accessing-data-neo4j-initial/accessingdataneo4j.db/schema/neostore.propertystore.db.index] brickCount=0 brickSize=0b mappedMem=0b (storeSize=0b)
2015-10-14 00:15:59.505+0000 INFO  [org.neo4j]: [/home/joao/UFRNWorkspace/gs-accessing-data-neo4j-initial/accessingdataneo4j.db/schema/neostore.propertystore.db.arrays] brickCount=0 brickSize=644864b mappedMem=644874240b (storeSize=128b)
2015-10-14 00:15:59.505+0000 INFO  [org.neo4j]: [/home/joao/UFRNWorkspace/gs-accessing-data-neo4j-initial/accessingdataneo4j.db/schema/neostore.propertystore.db] brickCount=0 brickSize=6689888b mappedMem=668991488b (storeSize=0b)
2015-10-14 00:15:59.505+0000 INFO  [org.neo4j]: [/home/joao/UFRNWorkspace/gs-accessing-data-neo4j-initial/accessingdataneo4j.db/schema/neostore.relationshipstore.db] brickCount=0 brickSize=8199840b mappedMem=819986432b (storeSize=0b)
2015-10-14 00:15:59.505+0000 INFO  [org.neo4j]: [/home/joao/UFRNWorkspace/gs-accessing-data-neo4j-initial/accessingdataneo4j.db/schema/neostore.nodestore.db] brickCount=0 brickSize=185589b mappedMem=185597952b (storeSize=9b)
2015-10-14 00:15:59.506+0000 INFO  [org.neo4j]: [/home/joao/UFRNWorkspace/gs-accessing-data-neo4j-initial/accessingdataneo4j.db/schema/neostore] brickCount=0 brickSize=0b mappedMem=0b (storeSize=0b)
2015-10-14 00:15:59.508+0000 INFO  [org.neo4j]: /home/joao/UFRNWorkspace/gs-accessing-data-neo4j-initial/accessingdataneo4j.db/schema/neostore.relationshiptypestore.db.names hit=0 miss=0 switches=0 ooe=0
2015-10-14 00:15:59.511+0000 INFO  [org.neo4j]: /home/joao/UFRNWorkspace/gs-accessing-data-neo4j-initial/accessingdataneo4j.db/schema/neostore.relationshiptypestore.db hit=0 miss=0 switches=0 ooe=0
2015-10-14 00:15:59.514+0000 INFO  [org.neo4j]: /home/joao/UFRNWorkspace/gs-accessing-data-neo4j-initial/accessingdataneo4j.db/schema/neostore.propertystore.db.strings hit=0 miss=0 switches=0 ooe=0
2015-10-14 00:15:59.517+0000 INFO  [org.neo4j]: /home/joao/UFRNWorkspace/gs-accessing-data-neo4j-initial/accessingdataneo4j.db/schema/neostore.propertystore.db.index.keys hit=0 miss=0 switches=0 ooe=0
2015-10-14 00:15:59.520+0000 INFO  [org.neo4j]: /home/joao/UFRNWorkspace/gs-accessing-data-neo4j-initial/accessingdataneo4j.db/schema/neostore.propertystore.db.index hit=0 miss=0 switches=0 ooe=0
2015-10-14 00:15:59.523+0000 INFO  [org.neo4j]: /home/joao/UFRNWorkspace/gs-accessing-data-neo4j-initial/accessingdataneo4j.db/schema/neostore.propertystore.db.arrays hit=0 miss=0 switches=0 ooe=0
2015-10-14 00:15:59.526+0000 INFO  [org.neo4j]: /home/joao/UFRNWorkspace/gs-accessing-data-neo4j-initial/accessingdataneo4j.db/schema/neostore.propertystore.db hit=0 miss=0 switches=0 ooe=0
2015-10-14 00:15:59.530+0000 INFO  [org.neo4j]: /home/joao/UFRNWorkspace/gs-accessing-data-neo4j-initial/accessingdataneo4j.db/schema/neostore.relationshipstore.db hit=0 miss=0 switches=0 ooe=0
2015-10-14 00:15:59.533+0000 INFO  [org.neo4j]: /home/joao/UFRNWorkspace/gs-accessing-data-neo4j-initial/accessingdataneo4j.db/schema/neostore.nodestore.db hit=0 miss=0 switches=0 ooe=0
2015-10-14 00:15:59.537+0000 INFO  [org.neo4j]: /home/joao/UFRNWorkspace/gs-accessing-data-neo4j-initial/accessingdataneo4j.db/schema/neostore hit=0 miss=8 switches=0 ooe=0
2015-10-14 00:15:59.541+0000 INFO  [org.neo4j]: [/home/joao/UFRNWorkspace/gs-accessing-data-neo4j-initial/accessingdataneo4j.db/schema/neostore.relationshiptypestore.db.names] brickCount=0 brickSize=0b mappedMem=0b (storeSize=38b)
2015-10-14 00:15:59.541+0000 INFO  [org.neo4j]: [/home/joao/UFRNWorkspace/gs-accessing-data-neo4j-initial/accessingdataneo4j.db/schema/neostore.relationshiptypestore.db] brickCount=0 brickSize=0b mappedMem=0b (storeSize=0b)
2015-10-14 00:15:59.541+0000 INFO  [org.neo4j]: [/home/joao/UFRNWorkspace/gs-accessing-data-neo4j-initial/accessingdataneo4j.db/schema/neostore.propertystore.db.strings] brickCount=0 brickSize=568320b mappedMem=568328192b (storeSize=128b)
2015-10-14 00:15:59.541+0000 INFO  [org.neo4j]: [/home/joao/UFRNWorkspace/gs-accessing-data-neo4j-initial/accessingdataneo4j.db/schema/neostore.propertystore.db.index.keys] brickCount=0 brickSize=0b mappedMem=0b (storeSize=38b)
2015-10-14 00:15:59.542+0000 INFO  [org.neo4j]: [/home/joao/UFRNWorkspace/gs-accessing-data-neo4j-initial/accessingdataneo4j.db/schema/neostore.propertystore.db.index] brickCount=0 brickSize=0b mappedMem=0b (storeSize=0b)
2015-10-14 00:15:59.542+0000 INFO  [org.neo4j]: [/home/joao/UFRNWorkspace/gs-accessing-data-neo4j-initial/accessingdataneo4j.db/schema/neostore.propertystore.db.arrays] brickCount=0 brickSize=644864b mappedMem=644874240b (storeSize=128b)
2015-10-14 00:15:59.542+0000 INFO  [org.neo4j]: [/home/joao/UFRNWorkspace/gs-accessing-data-neo4j-initial/accessingdataneo4j.db/schema/neostore.propertystore.db] brickCount=0 brickSize=6689888b mappedMem=668991488b (storeSize=0b)
2015-10-14 00:15:59.542+0000 INFO  [org.neo4j]: [/home/joao/UFRNWorkspace/gs-accessing-data-neo4j-initial/accessingdataneo4j.db/schema/neostore.relationshipstore.db] brickCount=0 brickSize=8199840b mappedMem=819986432b (storeSize=0b)
2015-10-14 00:15:59.542+0000 INFO  [org.neo4j]: [/home/joao/UFRNWorkspace/gs-accessing-data-neo4j-initial/accessingdataneo4j.db/schema/neostore.nodestore.db] brickCount=0 brickSize=185589b mappedMem=185597952b (storeSize=9b)
2015-10-14 00:15:59.543+0000 INFO  [org.neo4j]: [/home/joao/UFRNWorkspace/gs-accessing-data-neo4j-initial/accessingdataneo4j.db/schema/neostore] brickCount=0 brickSize=0b mappedMem=0b (storeSize=54b)
2015-10-14 00:15:59.543+0000 INFO  [org.neo4j]: Opened logical log [/home/joao/UFRNWorkspace/gs-accessing-data-neo4j-initial/accessingdataneo4j.db/schema/nioneo_logical.log.1] version=0, lastTxId=1 (clean)
2015-10-14 00:15:59.545+0000 INFO  [org.neo4j]: TM new log: tm_tx_log.1
2015-10-14 00:15:59.547+0000 INFO  [org.neo4j]: Opened logical log [/home/joao/UFRNWorkspace/gs-accessing-data-neo4j-initial/accessingdataneo4j.db/schema/index/lucene.log.1] version=0, lastTxId=1 (clean)
2015-10-14 00:15:59.550+0000 INFO  [org.neo4j]: --- STARTED diagnostics for KernelDiagnostics:Versions START ---
2015-10-14 00:15:59.550+0000 INFO  [org.neo4j]: Graph Database: org.neo4j.kernel.EmbeddedGraphDatabase StoreId[time:1444781759447, id:671067835481744384, store version: 13561656364791302]
2015-10-14 00:15:59.550+0000 INFO  [org.neo4j]: Kernel version: Neo4j - Graph Database Kernel 1.9.5
2015-10-14 00:15:59.550+0000 INFO  [org.neo4j]: Neo4j component versions:
2015-10-14 00:15:59.551+0000 INFO  [org.neo4j]:   Neo4j - Graph Database Kernel 1.9.5
2015-10-14 00:15:59.551+0000 INFO  [org.neo4j]: --- STARTED diagnostics for KernelDiagnostics:Versions END ---
2015-10-14 00:15:59.551+0000 INFO  [org.neo4j]: --- STARTED diagnostics for NEO_STORE_VERSIONS START ---
2015-10-14 00:15:59.551+0000 INFO  [org.neo4j]: Store versions:
    Store versions:
      NeoStore v0.A.0
      NodeStore v0.A.0
      RelationshipStore v0.A.0
      RelationshipTypeStore v0.A.0
      PropertyStore v0.A.0
      PropertyIndexStore v0.A.0
      StringPropertyStore v0.A.0
      ArrayPropertyStore v0.A.0
2015-10-14 00:15:59.551+0000 INFO  [org.neo4j]: --- STARTED diagnostics for NEO_STORE_VERSIONS END ---
2015-10-14 00:15:59.551+0000 INFO  [org.neo4j]: --- STARTED diagnostics for NEO_STORE_ID_USAGE START ---
2015-10-14 00:15:59.551+0000 INFO  [org.neo4j]: Id usage:
    Id usage:
      NodeStore: used=1 high=0
      RelationshipStore: used=0 high=-1
      RelationshipTypeStore: used=0 high=-1
      PropertyStore: used=0 high=-1
      PropertyIndexStore: used=0 high=-1
      StringPropertyStore: used=1 high=0
      ArrayPropertyStore: used=1 high=0
2015-10-14 00:15:59.552+0000 INFO  [org.neo4j]: --- STARTED diagnostics for NEO_STORE_ID_USAGE END ---
2015-10-14 00:15:59.552+0000 INFO  [org.neo4j]: --- STARTED diagnostics for PERSISTENCE_WINDOW_POOL_STATS START ---
2015-10-14 00:15:59.552+0000 INFO  [org.neo4j]: --- STARTED diagnostics for PERSISTENCE_WINDOW_POOL_STATS END ---
2015-10-14 00:15:59.552+0000 INFO  [org.neo4j]: --- STARTED diagnostics for KernelDiagnostics:StoreFiles START ---
2015-10-14 00:15:59.552+0000 INFO  [org.neo4j]: Disk space on partition (Total / Free / Free %): 61792669696 / 45010386944 / 72
Storage files: (filename : modification date - size)
      messages.log: 2015-10-13T21:15:59-0300 - 31,10 kB
      store_lock: 2015-10-13T21:15:59-0300 - 0,00 B
      neostore.propertystore.db.index: 2015-10-13T21:15:59-0300 - 0,00 B
      neostore.relationshiptypestore.db.names: 2015-10-13T21:15:59-0300 - 38,00 B
      neostore.propertystore.db.index.keys: 2015-10-13T21:15:59-0300 - 38,00 B
      neostore.relationshiptypestore.db: 2015-10-13T21:15:59-0300 - 0,00 B
      neostore.propertystore.db.strings: 2015-10-13T21:15:59-0300 - 128,00 B
      neostore.nodestore.db.id: 2015-10-13T21:15:59-0300 - 9,00 B
      neostore.relationshiptypestore.db.id: 2015-10-13T21:15:59-0300 - 9,00 B
      neostore.propertystore.db.arrays: 2015-10-13T21:15:59-0300 - 128,00 B
      tm_tx_log.1: 2015-10-13T21:15:59-0300 - 0,00 B
      neostore.id: 2015-10-13T21:15:59-0300 - 9,00 B
      label:
        lucene:
          write.lock: 2015-10-13T21:12:33-0300 - 0,00 B
        - Total: 2015-10-13T21:12:33-0300 - 0,00 B
      - Total: 2015-10-13T21:12:33-0300 - 0,00 B
      neostore.propertystore.db.index.id: 2015-10-13T21:15:59-0300 - 9,00 B
      index:
        lucene.log.active: 2015-10-13T21:15:59-0300 - 4,00 B
        lucene-store.db: 2015-10-13T21:15:59-0300 - 40,00 B
        lucene.log.1: 2015-10-13T21:15:59-0300 - 16,00 B
      - Total: 2015-10-13T21:15:59-0300 - 60,00 B
      neostore.propertystore.db.id: 2015-10-13T21:15:59-0300 - 9,00 B
      neostore.propertystore.db.arrays.id: 2015-10-13T21:15:59-0300 - 9,00 B
      lock: 2015-10-13T21:15:59-0300 - 0,00 B
      neostore: 2015-10-13T21:15:59-0300 - 54,00 B
      neostore.relationshiptypestore.db.names.id: 2015-10-13T21:15:59-0300 - 9,00 B
      neostore.relationshipstore.db.id: 2015-10-13T21:15:59-0300 - 9,00 B
      neostore.propertystore.db.index.keys.id: 2015-10-13T21:15:59-0300 - 9,00 B
      neostore.propertystore.db.strings.id: 2015-10-13T21:15:59-0300 - 9,00 B
      neostore.relationshipstore.db: 2015-10-13T21:15:59-0300 - 0,00 B
      neostore.propertystore.db: 2015-10-13T21:15:59-0300 - 0,00 B
      nioneo_logical.log.active: 2015-10-13T21:15:59-0300 - 4,00 B
      neostore.nodestore.db: 2015-10-13T21:15:59-0300 - 9,00 B
      nioneo_logical.log.1: 2015-10-13T21:15:59-0300 - 16,00 B
      active_tx_log: 2015-10-13T21:15:59-0300 - 11,00 B
2015-10-14 00:15:59.555+0000 INFO  [org.neo4j]: --- STARTED diagnostics for KernelDiagnostics:StoreFiles END ---
2015-10-14 00:15:59.557+0000 INFO  [org.neo4j]: Database is now ready
2015-10-14 00:15:59.567+0000 INFO  [org.neo4j]: GC Monitor started. 
2015-10-14 00:16:13.766+0000 INFO  [org.neo4j]: Shutdown started
2015-10-14 00:16:13.767+0000 INFO  [org.neo4j]: Database is no longer ready
2015-10-14 00:16:13.770+0000 INFO  [org.neo4j]: GC Monitor stopped. 
2015-10-14 00:16:13.772+0000 INFO  [org.neo4j]: Closed log /home/joao/UFRNWorkspace/gs-accessing-data-neo4j-initial/accessingdataneo4j.db/schema/index/lucene.log
2015-10-14 00:16:13.772+0000 INFO  [org.neo4j]: TM shutting down
2015-10-14 00:16:13.776+0000 INFO  [org.neo4j]: Closed log /home/joao/UFRNWorkspace/gs-accessing-data-neo4j-initial/accessingdataneo4j.db/schema/nioneo_logical.log
2015-10-14 00:16:13.777+0000 INFO  [org.neo4j]: /home/joao/UFRNWorkspace/gs-accessing-data-neo4j-initial/accessingdataneo4j.db/schema/neostore.relationshiptypestore.db.names hit=0 miss=0 switches=0 ooe=0
2015-10-14 00:16:13.781+0000 INFO  [org.neo4j]: /home/joao/UFRNWorkspace/gs-accessing-data-neo4j-initial/accessingdataneo4j.db/schema/neostore.relationshiptypestore.db hit=0 miss=0 switches=0 ooe=0
2015-10-14 00:16:13.784+0000 INFO  [org.neo4j]: /home/joao/UFRNWorkspace/gs-accessing-data-neo4j-initial/accessingdataneo4j.db/schema/neostore.propertystore.db.strings hit=0 miss=0 switches=0 ooe=0
2015-10-14 00:16:13.788+0000 INFO  [org.neo4j]: /home/joao/UFRNWorkspace/gs-accessing-data-neo4j-initial/accessingdataneo4j.db/schema/neostore.propertystore.db.index.keys hit=0 miss=0 switches=0 ooe=0
2015-10-14 00:16:13.791+0000 INFO  [org.neo4j]: /home/joao/UFRNWorkspace/gs-accessing-data-neo4j-initial/accessingdataneo4j.db/schema/neostore.propertystore.db.index hit=0 miss=0 switches=0 ooe=0
2015-10-14 00:16:13.794+0000 INFO  [org.neo4j]: /home/joao/UFRNWorkspace/gs-accessing-data-neo4j-initial/accessingdataneo4j.db/schema/neostore.propertystore.db.arrays hit=0 miss=0 switches=0 ooe=0
2015-10-14 00:16:13.798+0000 INFO  [org.neo4j]: /home/joao/UFRNWorkspace/gs-accessing-data-neo4j-initial/accessingdataneo4j.db/schema/neostore.propertystore.db hit=0 miss=0 switches=0 ooe=0
2015-10-14 00:16:13.805+0000 INFO  [org.neo4j]: /home/joao/UFRNWorkspace/gs-accessing-data-neo4j-initial/accessingdataneo4j.db/schema/neostore.relationshipstore.db hit=0 miss=0 switches=0 ooe=0
2015-10-14 00:16:13.809+0000 INFO  [org.neo4j]: /home/joao/UFRNWorkspace/gs-accessing-data-neo4j-initial/accessingdataneo4j.db/schema/neostore.nodestore.db hit=3 miss=0 switches=0 ooe=0
2015-10-14 00:16:13.812+0000 INFO  [org.neo4j]: /home/joao/UFRNWorkspace/gs-accessing-data-neo4j-initial/accessingdataneo4j.db/schema/neostore hit=0 miss=16 switches=0 ooe=0
2015-10-14 00:16:13.815+0000 INFO  [org.neo4j]: NeoStore closed
2015-10-14 00:16:13.815+0000 INFO  [org.neo4j]: --- STOPPING diagnostics START ---
2015-10-14 00:16:13.815+0000 INFO  [org.neo4j]: --- STOPPING diagnostics END ---
